Analysis & Synthesis report for FixedPoint_Matrix
Tue Apr 16 17:25:29 2024
Quartus Prime Version 17.1.0 Build 590 10/25/2017 SJ Lite Edition


---------------------
; Table of Contents ;
---------------------
  1. Legal Notice
  2. Analysis & Synthesis Summary
  3. Analysis & Synthesis Settings
  4. Parallel Compilation
  5. Analysis & Synthesis Source Files Read
  6. Analysis & Synthesis Resource Usage Summary
  7. Analysis & Synthesis Resource Utilization by Entity
  8. Analysis & Synthesis DSP Block Usage Summary
  9. General Register Statistics
 10. Parameter Settings for User Entity Instance: Mul2vector:m1|qmult:uut1
 11. Parameter Settings for User Entity Instance: Mul2vector:m1|qmult:uut2
 12. Parameter Settings for User Entity Instance: Mul2vector:m1|vadd:Add_u
 13. Parameter Settings for User Entity Instance: Mul2vector:m2|qmult:uut1
 14. Parameter Settings for User Entity Instance: Mul2vector:m2|qmult:uut2
 15. Parameter Settings for User Entity Instance: Mul2vector:m2|vadd:Add_u
 16. Parameter Settings for User Entity Instance: Mul2vector:m3|qmult:uut1
 17. Parameter Settings for User Entity Instance: Mul2vector:m3|qmult:uut2
 18. Parameter Settings for User Entity Instance: Mul2vector:m3|vadd:Add_u
 19. Parameter Settings for User Entity Instance: Mul2vector:m4|qmult:uut1
 20. Parameter Settings for User Entity Instance: Mul2vector:m4|qmult:uut2
 21. Parameter Settings for User Entity Instance: Mul2vector:m4|vadd:Add_u
 22. Parameter Settings for User Entity Instance: Mul2vector:m5|qmult:uut1
 23. Parameter Settings for User Entity Instance: Mul2vector:m5|qmult:uut2
 24. Parameter Settings for User Entity Instance: Mul2vector:m5|vadd:Add_u
 25. Parameter Settings for User Entity Instance: Mul2vector:m6|qmult:uut1
 26. Parameter Settings for User Entity Instance: Mul2vector:m6|qmult:uut2
 27. Parameter Settings for User Entity Instance: Mul2vector:m6|vadd:Add_u
 28. Parameter Settings for User Entity Instance: Mul2vector:m7|qmult:uut1
 29. Parameter Settings for User Entity Instance: Mul2vector:m7|qmult:uut2
 30. Parameter Settings for User Entity Instance: Mul2vector:m7|vadd:Add_u
 31. Parameter Settings for User Entity Instance: Mul2vector:m8|qmult:uut1
 32. Parameter Settings for User Entity Instance: Mul2vector:m8|qmult:uut2
 33. Parameter Settings for User Entity Instance: Mul2vector:m8|vadd:Add_u
 34. Port Connectivity Checks: "Mul2vector:m1|qmult:uut2"
 35. Port Connectivity Checks: "Mul2vector:m1|qmult:uut1"
 36. Post-Synthesis Netlist Statistics for Top Partition
 37. Elapsed Time Per Partition
 38. Analysis & Synthesis Messages



----------------
; Legal Notice ;
----------------
Copyright (C) 2017  Intel Corporation. All rights reserved.
Your use of Intel Corporation's design tools, logic functions 
and other software and tools, and its AMPP partner logic 
functions, and any output files from any of the foregoing 
(including device programming or simulation files), and any 
associated documentation or information are expressly subject 
to the terms and conditions of the Intel Program License 
Subscription Agreement, the Intel Quartus Prime License Agreement,
the Intel FPGA IP License Agreement, or other applicable license
agreement, including, without limitation, that your use is for
the sole purpose of programming logic devices manufactured by
Intel and sold by Intel or its authorized distributors.  Please
refer to the applicable agreement for further details.



+-------------------------------------------------------------------------------+
; Analysis & Synthesis Summary                                                  ;
+---------------------------------+---------------------------------------------+
; Analysis & Synthesis Status     ; Successful - Tue Apr 16 17:25:29 2024       ;
; Quartus Prime Version           ; 17.1.0 Build 590 10/25/2017 SJ Lite Edition ;
; Revision Name                   ; FixedPoint_Matrix                           ;
; Top-level Entity Name           ; Mul4x2_2x2Matrix                            ;
; Family                          ; Cyclone V                                   ;
; Logic utilization (in ALMs)     ; N/A                                         ;
; Total registers                 ; 0                                           ;
; Total pins                      ; 320                                         ;
; Total virtual pins              ; 0                                           ;
; Total block memory bits         ; 0                                           ;
; Total DSP Blocks                ; 16                                          ;
; Total HSSI RX PCSs              ; 0                                           ;
; Total HSSI PMA RX Deserializers ; 0                                           ;
; Total HSSI TX PCSs              ; 0                                           ;
; Total HSSI PMA TX Serializers   ; 0                                           ;
; Total PLLs                      ; 0                                           ;
; Total DLLs                      ; 0                                           ;
+---------------------------------+---------------------------------------------+


+---------------------------------------------------------------------------------------------------------------------------+
; Analysis & Synthesis Settings                                                                                             ;
+---------------------------------------------------------------------------------+--------------------+--------------------+
; Option                                                                          ; Setting            ; Default Value      ;
+---------------------------------------------------------------------------------+--------------------+--------------------+
; Device                                                                          ; 5CSXFC6D6F31C6     ;                    ;
; Top-level entity name                                                           ; Mul4x2_2x2Matrix   ; FixedPoint_Matrix  ;
; Family name                                                                     ; Cyclone V          ; Cyclone V          ;
; Use smart compilation                                                           ; Off                ; Off                ;
; Enable parallel Assembler and TimeQuest Timing Analyzer during compilation      ; On                 ; On                 ;
; Enable compact report table                                                     ; Off                ; Off                ;
; Restructure Multiplexers                                                        ; Auto               ; Auto               ;
; MLAB Add Timing Constraints For Mixed-Port Feed-Through Mode Setting Don't Care ; Off                ; Off                ;
; Create Debugging Nodes for IP Cores                                             ; Off                ; Off                ;
; Preserve fewer node names                                                       ; On                 ; On                 ;
; Intel FPGA IP Evaluation Mode                                                   ; Enable             ; Enable             ;
; Verilog Version                                                                 ; Verilog_2001       ; Verilog_2001       ;
; VHDL Version                                                                    ; VHDL_1993          ; VHDL_1993          ;
; State Machine Processing                                                        ; Auto               ; Auto               ;
; Safe State Machine                                                              ; Off                ; Off                ;
; Extract Verilog State Machines                                                  ; On                 ; On                 ;
; Extract VHDL State Machines                                                     ; On                 ; On                 ;
; Ignore Verilog initial constructs                                               ; Off                ; Off                ;
; Iteration limit for constant Verilog loops                                      ; 5000               ; 5000               ;
; Iteration limit for non-constant Verilog loops                                  ; 250                ; 250                ;
; Add Pass-Through Logic to Inferred RAMs                                         ; On                 ; On                 ;
; Infer RAMs from Raw Logic                                                       ; On                 ; On                 ;
; Parallel Synthesis                                                              ; On                 ; On                 ;
; DSP Block Balancing                                                             ; Auto               ; Auto               ;
; NOT Gate Push-Back                                                              ; On                 ; On                 ;
; Power-Up Don't Care                                                             ; On                 ; On                 ;
; Remove Redundant Logic Cells                                                    ; Off                ; Off                ;
; Remove Duplicate Registers                                                      ; On                 ; On                 ;
; Ignore CARRY Buffers                                                            ; Off                ; Off                ;
; Ignore CASCADE Buffers                                                          ; Off                ; Off                ;
; Ignore GLOBAL Buffers                                                           ; Off                ; Off                ;
; Ignore ROW GLOBAL Buffers                                                       ; Off                ; Off                ;
; Ignore LCELL Buffers                                                            ; Off                ; Off                ;
; Ignore SOFT Buffers                                                             ; On                 ; On                 ;
; Limit AHDL Integers to 32 Bits                                                  ; Off                ; Off                ;
; Optimization Technique                                                          ; Balanced           ; Balanced           ;
; Carry Chain Length                                                              ; 70                 ; 70                 ;
; Auto Carry Chains                                                               ; On                 ; On                 ;
; Auto Open-Drain Pins                                                            ; On                 ; On                 ;
; Perform WYSIWYG Primitive Resynthesis                                           ; Off                ; Off                ;
; Auto ROM Replacement                                                            ; On                 ; On                 ;
; Auto RAM Replacement                                                            ; On                 ; On                 ;
; Auto DSP Block Replacement                                                      ; On                 ; On                 ;
; Auto Shift Register Replacement                                                 ; Auto               ; Auto               ;
; Allow Shift Register Merging across Hierarchies                                 ; Auto               ; Auto               ;
; Auto Clock Enable Replacement                                                   ; On                 ; On                 ;
; Strict RAM Replacement                                                          ; Off                ; Off                ;
; Allow Synchronous Control Signals                                               ; On                 ; On                 ;
; Force Use of Synchronous Clear Signals                                          ; Off                ; Off                ;
; Auto Resource Sharing                                                           ; Off                ; Off                ;
; Allow Any RAM Size For Recognition                                              ; Off                ; Off                ;
; Allow Any ROM Size For Recognition                                              ; Off                ; Off                ;
; Allow Any Shift Register Size For Recognition                                   ; Off                ; Off                ;
; Use LogicLock Constraints during Resource Balancing                             ; On                 ; On                 ;
; Ignore translate_off and synthesis_off directives                               ; Off                ; Off                ;
; Timing-Driven Synthesis                                                         ; On                 ; On                 ;
; Report Parameter Settings                                                       ; On                 ; On                 ;
; Report Source Assignments                                                       ; On                 ; On                 ;
; Report Connectivity Checks                                                      ; On                 ; On                 ;
; Ignore Maximum Fan-Out Assignments                                              ; Off                ; Off                ;
; Synchronization Register Chain Length                                           ; 3                  ; 3                  ;
; Power Optimization During Synthesis                                             ; Normal compilation ; Normal compilation ;
; HDL message level                                                               ; Level2             ; Level2             ;
; Suppress Register Optimization Related Messages                                 ; Off                ; Off                ;
; Number of Removed Registers Reported in Synthesis Report                        ; 5000               ; 5000               ;
; Number of Swept Nodes Reported in Synthesis Report                              ; 5000               ; 5000               ;
; Number of Inverted Registers Reported in Synthesis Report                       ; 100                ; 100                ;
; Clock MUX Protection                                                            ; On                 ; On                 ;
; Auto Gated Clock Conversion                                                     ; Off                ; Off                ;
; Block Design Naming                                                             ; Auto               ; Auto               ;
; SDC constraint protection                                                       ; Off                ; Off                ;
; Synthesis Effort                                                                ; Auto               ; Auto               ;
; Shift Register Replacement - Allow Asynchronous Clear Signal                    ; On                 ; On                 ;
; Pre-Mapping Resynthesis Optimization                                            ; Off                ; Off                ;
; Analysis & Synthesis Message Level                                              ; Medium             ; Medium             ;
; Disable Register Merging Across Hierarchies                                     ; Auto               ; Auto               ;
; Resource Aware Inference For Block RAM                                          ; On                 ; On                 ;
; Automatic Parallel Synthesis                                                    ; On                 ; On                 ;
; Partial Reconfiguration Bitstream ID                                            ; Off                ; Off                ;
+---------------------------------------------------------------------------------+--------------------+--------------------+


+------------------------------------------+
; Parallel Compilation                     ;
+----------------------------+-------------+
; Processors                 ; Number      ;
+----------------------------+-------------+
; Number detected on machine ; 4           ;
; Maximum allowed            ; 4           ;
;                            ;             ;
; Average used               ; 1.00        ;
; Maximum used               ; 4           ;
;                            ;             ;
; Usage by Processor         ; % Time Used ;
;     Processor 1            ; 100.0%      ;
;     Processor 2            ;   0.0%      ;
;     Processor 3            ;   0.0%      ;
;     Processor 4            ;   0.0%      ;
+----------------------------+-------------+


+--------------------------------------------------------------------------------------------------------------------------------------------------------------------------------------------------+
; Analysis & Synthesis Source Files Read                                                                                                                                                           ;
+----------------------------------+-----------------+------------------------+----------------------------------------------------------------------------------------------------------+---------+
; File Name with User-Entered Path ; Used in Netlist ; File Type              ; File Name with Absolute Path                                                                             ; Library ;
+----------------------------------+-----------------+------------------------+----------------------------------------------------------------------------------------------------------+---------+
; ../RTL/Mul4x2_2x2Matrix.v        ; yes             ; User Verilog HDL File  ; C:/Users/DELL/OneDrive - ptit.edu.vn/Documents/D21_DoanLongVu/FPGA/240413/Project/RTL/Mul4x2_2x2Matrix.v ;         ;
; ../RTL/vadd.v                    ; yes             ; User Verilog HDL File  ; C:/Users/DELL/OneDrive - ptit.edu.vn/Documents/D21_DoanLongVu/FPGA/240413/Project/RTL/vadd.v             ;         ;
; ../RTL/qmult.v                   ; yes             ; User Verilog HDL File  ; C:/Users/DELL/OneDrive - ptit.edu.vn/Documents/D21_DoanLongVu/FPGA/240413/Project/RTL/qmult.v            ;         ;
; ../RTL/Mul2vector.v              ; yes             ; User Verilog HDL File  ; C:/Users/DELL/OneDrive - ptit.edu.vn/Documents/D21_DoanLongVu/FPGA/240413/Project/RTL/Mul2vector.v       ;         ;
+----------------------------------+-----------------+------------------------+----------------------------------------------------------------------------------------------------------+---------+


+------------------------------------------------------------+
; Analysis & Synthesis Resource Usage Summary                ;
+---------------------------------------------+--------------+
; Resource                                    ; Usage        ;
+---------------------------------------------+--------------+
; Estimate of Logic utilization (ALMs needed) ; 324          ;
;                                             ;              ;
; Combinational ALUT usage for logic          ; 648          ;
;     -- 7 input functions                    ; 0            ;
;     -- 6 input functions                    ; 0            ;
;     -- 5 input functions                    ; 0            ;
;     -- 4 input functions                    ; 120          ;
;     -- <=3 input functions                  ; 528          ;
;                                             ;              ;
; Dedicated logic registers                   ; 0            ;
;                                             ;              ;
; I/O pins                                    ; 320          ;
;                                             ;              ;
; Total DSP Blocks                            ; 16           ;
;                                             ;              ;
; Maximum fan-out node                        ; B0[15]~input ;
; Maximum fan-out                             ; 85           ;
; Total fan-out                               ; 3040         ;
; Average fan-out                             ; 2.33         ;
+---------------------------------------------+--------------+


+--------------------------------------------------------------------------------------------------------------------------------------------------------------------------------------------------------------------+
; Analysis & Synthesis Resource Utilization by Entity                                                                                                                                                                ;
+----------------------------+---------------------+---------------------------+-------------------+------------+------+--------------+--------------------------------------------+------------------+--------------+
; Compilation Hierarchy Node ; Combinational ALUTs ; Dedicated Logic Registers ; Block Memory Bits ; DSP Blocks ; Pins ; Virtual Pins ; Full Hierarchy Name                        ; Entity Name      ; Library Name ;
+----------------------------+---------------------+---------------------------+-------------------+------------+------+--------------+--------------------------------------------+------------------+--------------+
; |Mul4x2_2x2Matrix          ; 648 (0)             ; 0 (0)                     ; 0                 ; 16         ; 320  ; 0            ; |Mul4x2_2x2Matrix                          ; Mul4x2_2x2Matrix ; work         ;
;    |Mul2vector:m1|         ; 161 (0)             ; 0 (0)                     ; 0                 ; 2          ; 0    ; 0            ; |Mul4x2_2x2Matrix|Mul2vector:m1            ; Mul2vector       ; work         ;
;       |qmult:uut1|         ; 81 (81)             ; 0 (0)                     ; 0                 ; 1          ; 0    ; 0            ; |Mul4x2_2x2Matrix|Mul2vector:m1|qmult:uut1 ; qmult            ; work         ;
;       |qmult:uut2|         ; 80 (80)             ; 0 (0)                     ; 0                 ; 1          ; 0    ; 0            ; |Mul4x2_2x2Matrix|Mul2vector:m1|qmult:uut2 ; qmult            ; work         ;
;    |Mul2vector:m2|         ; 97 (0)              ; 0 (0)                     ; 0                 ; 2          ; 0    ; 0            ; |Mul4x2_2x2Matrix|Mul2vector:m2            ; Mul2vector       ; work         ;
;       |qmult:uut1|         ; 49 (49)             ; 0 (0)                     ; 0                 ; 1          ; 0    ; 0            ; |Mul4x2_2x2Matrix|Mul2vector:m2|qmult:uut1 ; qmult            ; work         ;
;       |qmult:uut2|         ; 48 (48)             ; 0 (0)                     ; 0                 ; 1          ; 0    ; 0            ; |Mul4x2_2x2Matrix|Mul2vector:m2|qmult:uut2 ; qmult            ; work         ;
;    |Mul2vector:m3|         ; 97 (0)              ; 0 (0)                     ; 0                 ; 2          ; 0    ; 0            ; |Mul4x2_2x2Matrix|Mul2vector:m3            ; Mul2vector       ; work         ;
;       |qmult:uut1|         ; 49 (49)             ; 0 (0)                     ; 0                 ; 1          ; 0    ; 0            ; |Mul4x2_2x2Matrix|Mul2vector:m3|qmult:uut1 ; qmult            ; work         ;
;       |qmult:uut2|         ; 48 (48)             ; 0 (0)                     ; 0                 ; 1          ; 0    ; 0            ; |Mul4x2_2x2Matrix|Mul2vector:m3|qmult:uut2 ; qmult            ; work         ;
;    |Mul2vector:m4|         ; 33 (0)              ; 0 (0)                     ; 0                 ; 2          ; 0    ; 0            ; |Mul4x2_2x2Matrix|Mul2vector:m4            ; Mul2vector       ; work         ;
;       |qmult:uut1|         ; 17 (17)             ; 0 (0)                     ; 0                 ; 1          ; 0    ; 0            ; |Mul4x2_2x2Matrix|Mul2vector:m4|qmult:uut1 ; qmult            ; work         ;
;       |qmult:uut2|         ; 16 (16)             ; 0 (0)                     ; 0                 ; 1          ; 0    ; 0            ; |Mul4x2_2x2Matrix|Mul2vector:m4|qmult:uut2 ; qmult            ; work         ;
;    |Mul2vector:m5|         ; 97 (0)              ; 0 (0)                     ; 0                 ; 2          ; 0    ; 0            ; |Mul4x2_2x2Matrix|Mul2vector:m5            ; Mul2vector       ; work         ;
;       |qmult:uut1|         ; 49 (49)             ; 0 (0)                     ; 0                 ; 1          ; 0    ; 0            ; |Mul4x2_2x2Matrix|Mul2vector:m5|qmult:uut1 ; qmult            ; work         ;
;       |qmult:uut2|         ; 48 (48)             ; 0 (0)                     ; 0                 ; 1          ; 0    ; 0            ; |Mul4x2_2x2Matrix|Mul2vector:m5|qmult:uut2 ; qmult            ; work         ;
;    |Mul2vector:m6|         ; 33 (0)              ; 0 (0)                     ; 0                 ; 2          ; 0    ; 0            ; |Mul4x2_2x2Matrix|Mul2vector:m6            ; Mul2vector       ; work         ;
;       |qmult:uut1|         ; 17 (17)             ; 0 (0)                     ; 0                 ; 1          ; 0    ; 0            ; |Mul4x2_2x2Matrix|Mul2vector:m6|qmult:uut1 ; qmult            ; work         ;
;       |qmult:uut2|         ; 16 (16)             ; 0 (0)                     ; 0                 ; 1          ; 0    ; 0            ; |Mul4x2_2x2Matrix|Mul2vector:m6|qmult:uut2 ; qmult            ; work         ;
;    |Mul2vector:m7|         ; 97 (0)              ; 0 (0)                     ; 0                 ; 2          ; 0    ; 0            ; |Mul4x2_2x2Matrix|Mul2vector:m7            ; Mul2vector       ; work         ;
;       |qmult:uut1|         ; 49 (49)             ; 0 (0)                     ; 0                 ; 1          ; 0    ; 0            ; |Mul4x2_2x2Matrix|Mul2vector:m7|qmult:uut1 ; qmult            ; work         ;
;       |qmult:uut2|         ; 48 (48)             ; 0 (0)                     ; 0                 ; 1          ; 0    ; 0            ; |Mul4x2_2x2Matrix|Mul2vector:m7|qmult:uut2 ; qmult            ; work         ;
;    |Mul2vector:m8|         ; 33 (0)              ; 0 (0)                     ; 0                 ; 2          ; 0    ; 0            ; |Mul4x2_2x2Matrix|Mul2vector:m8            ; Mul2vector       ; work         ;
;       |qmult:uut1|         ; 17 (17)             ; 0 (0)                     ; 0                 ; 1          ; 0    ; 0            ; |Mul4x2_2x2Matrix|Mul2vector:m8|qmult:uut1 ; qmult            ; work         ;
;       |qmult:uut2|         ; 16 (16)             ; 0 (0)                     ; 0                 ; 1          ; 0    ; 0            ; |Mul4x2_2x2Matrix|Mul2vector:m8|qmult:uut2 ; qmult            ; work         ;
+----------------------------+---------------------+---------------------------+-------------------+------------+------+--------------+--------------------------------------------+------------------+--------------+
Note: For table entries with two numbers listed, the numbers in parentheses indicate the number of resources of the given type used by the specific entity alone. The numbers listed outside of parentheses indicate the total resources of the given type used by the specific entity and all of its sub-entities in the hierarchy.


+-----------------------------------------------+
; Analysis & Synthesis DSP Block Usage Summary  ;
+---------------------------------+-------------+
; Statistic                       ; Number Used ;
+---------------------------------+-------------+
; Two Independent 18x18           ; 16          ;
; Total number of DSP blocks      ; 16          ;
;                                 ;             ;
; Fixed Point Unsigned Multiplier ; 16          ;
+---------------------------------+-------------+


+------------------------------------------------------+
; General Register Statistics                          ;
+----------------------------------------------+-------+
; Statistic                                    ; Value ;
+----------------------------------------------+-------+
; Total registers                              ; 0     ;
; Number of registers using Synchronous Clear  ; 0     ;
; Number of registers using Synchronous Load   ; 0     ;
; Number of registers using Asynchronous Clear ; 0     ;
; Number of registers using Asynchronous Load  ; 0     ;
; Number of registers using Clock Enable       ; 0     ;
; Number of registers using Preset             ; 0     ;
+----------------------------------------------+-------+


+-----------------------------------------------------------------------+
; Parameter Settings for User Entity Instance: Mul2vector:m1|qmult:uut1 ;
+----------------+-------+----------------------------------------------+
; Parameter Name ; Value ; Type                                         ;
+----------------+-------+----------------------------------------------+
; Q              ; 8     ; Signed Integer                               ;
; N              ; 16    ; Signed Integer                               ;
+----------------+-------+----------------------------------------------+
Note: In order to hide this table in the UI and the text report file, please set the "Show Parameter Settings in Synthesis Report" option in "Analysis and Synthesis Settings -> More Settings" to "Off".


+-----------------------------------------------------------------------+
; Parameter Settings for User Entity Instance: Mul2vector:m1|qmult:uut2 ;
+----------------+-------+----------------------------------------------+
; Parameter Name ; Value ; Type                                         ;
+----------------+-------+----------------------------------------------+
; Q              ; 8     ; Signed Integer                               ;
; N              ; 16    ; Signed Integer                               ;
+----------------+-------+----------------------------------------------+
Note: In order to hide this table in the UI and the text report file, please set the "Show Parameter Settings in Synthesis Report" option in "Analysis and Synthesis Settings -> More Settings" to "Off".


+-----------------------------------------------------------------------+
; Parameter Settings for User Entity Instance: Mul2vector:m1|vadd:Add_u ;
+----------------+-------+----------------------------------------------+
; Parameter Name ; Value ; Type                                         ;
+----------------+-------+----------------------------------------------+
; Q              ; 8     ; Signed Integer                               ;
; N              ; 16    ; Signed Integer                               ;
+----------------+-------+----------------------------------------------+
Note: In order to hide this table in the UI and the text report file, please set the "Show Parameter Settings in Synthesis Report" option in "Analysis and Synthesis Settings -> More Settings" to "Off".


+-----------------------------------------------------------------------+
; Parameter Settings for User Entity Instance: Mul2vector:m2|qmult:uut1 ;
+----------------+-------+----------------------------------------------+
; Parameter Name ; Value ; Type                                         ;
+----------------+-------+----------------------------------------------+
; Q              ; 8     ; Signed Integer                               ;
; N              ; 16    ; Signed Integer                               ;
+----------------+-------+----------------------------------------------+
Note: In order to hide this table in the UI and the text report file, please set the "Show Parameter Settings in Synthesis Report" option in "Analysis and Synthesis Settings -> More Settings" to "Off".


+-----------------------------------------------------------------------+
; Parameter Settings for User Entity Instance: Mul2vector:m2|qmult:uut2 ;
+----------------+-------+----------------------------------------------+
; Parameter Name ; Value ; Type                                         ;
+----------------+-------+----------------------------------------------+
; Q              ; 8     ; Signed Integer                               ;
; N              ; 16    ; Signed Integer                               ;
+----------------+-------+----------------------------------------------+
Note: In order to hide this table in the UI and the text report file, please set the "Show Parameter Settings in Synthesis Report" option in "Analysis and Synthesis Settings -> More Settings" to "Off".


+-----------------------------------------------------------------------+
; Parameter Settings for User Entity Instance: Mul2vector:m2|vadd:Add_u ;
+----------------+-------+----------------------------------------------+
; Parameter Name ; Value ; Type                                         ;
+----------------+-------+----------------------------------------------+
; Q              ; 8     ; Signed Integer                               ;
; N              ; 16    ; Signed Integer                               ;
+----------------+-------+----------------------------------------------+
Note: In order to hide this table in the UI and the text report file, please set the "Show Parameter Settings in Synthesis Report" option in "Analysis and Synthesis Settings -> More Settings" to "Off".


+-----------------------------------------------------------------------+
; Parameter Settings for User Entity Instance: Mul2vector:m3|qmult:uut1 ;
+----------------+-------+----------------------------------------------+
; Parameter Name ; Value ; Type                                         ;
+----------------+-------+----------------------------------------------+
; Q              ; 8     ; Signed Integer                               ;
; N              ; 16    ; Signed Integer                               ;
+----------------+-------+----------------------------------------------+
Note: In order to hide this table in the UI and the text report file, please set the "Show Parameter Settings in Synthesis Report" option in "Analysis and Synthesis Settings -> More Settings" to "Off".


+-----------------------------------------------------------------------+
; Parameter Settings for User Entity Instance: Mul2vector:m3|qmult:uut2 ;
+----------------+-------+----------------------------------------------+
; Parameter Name ; Value ; Type                                         ;
+----------------+-------+----------------------------------------------+
; Q              ; 8     ; Signed Integer                               ;
; N              ; 16    ; Signed Integer                               ;
+----------------+-------+----------------------------------------------+
Note: In order to hide this table in the UI and the text report file, please set the "Show Parameter Settings in Synthesis Report" option in "Analysis and Synthesis Settings -> More Settings" to "Off".


+-----------------------------------------------------------------------+
; Parameter Settings for User Entity Instance: Mul2vector:m3|vadd:Add_u ;
+----------------+-------+----------------------------------------------+
; Parameter Name ; Value ; Type                                         ;
+----------------+-------+----------------------------------------------+
; Q              ; 8     ; Signed Integer                               ;
; N              ; 16    ; Signed Integer                               ;
+----------------+-------+----------------------------------------------+
Note: In order to hide this table in the UI and the text report file, please set the "Show Parameter Settings in Synthesis Report" option in "Analysis and Synthesis Settings -> More Settings" to "Off".


+-----------------------------------------------------------------------+
; Parameter Settings for User Entity Instance: Mul2vector:m4|qmult:uut1 ;
+----------------+-------+----------------------------------------------+
; Parameter Name ; Value ; Type                                         ;
+----------------+-------+----------------------------------------------+
; Q              ; 8     ; Signed Integer                               ;
; N              ; 16    ; Signed Integer                               ;
+----------------+-------+----------------------------------------------+
Note: In order to hide this table in the UI and the text report file, please set the "Show Parameter Settings in Synthesis Report" option in "Analysis and Synthesis Settings -> More Settings" to "Off".


+-----------------------------------------------------------------------+
; Parameter Settings for User Entity Instance: Mul2vector:m4|qmult:uut2 ;
+----------------+-------+----------------------------------------------+
; Parameter Name ; Value ; Type                                         ;
+----------------+-------+----------------------------------------------+
; Q              ; 8     ; Signed Integer                               ;
; N              ; 16    ; Signed Integer                               ;
+----------------+-------+----------------------------------------------+
Note: In order to hide this table in the UI and the text report file, please set the "Show Parameter Settings in Synthesis Report" option in "Analysis and Synthesis Settings -> More Settings" to "Off".


+-----------------------------------------------------------------------+
; Parameter Settings for User Entity Instance: Mul2vector:m4|vadd:Add_u ;
+----------------+-------+----------------------------------------------+
; Parameter Name ; Value ; Type                                         ;
+----------------+-------+----------------------------------------------+
; Q              ; 8     ; Signed Integer                               ;
; N              ; 16    ; Signed Integer                               ;
+----------------+-------+----------------------------------------------+
Note: In order to hide this table in the UI and the text report file, please set the "Show Parameter Settings in Synthesis Report" option in "Analysis and Synthesis Settings -> More Settings" to "Off".


+-----------------------------------------------------------------------+
; Parameter Settings for User Entity Instance: Mul2vector:m5|qmult:uut1 ;
+----------------+-------+----------------------------------------------+
; Parameter Name ; Value ; Type                                         ;
+----------------+-------+----------------------------------------------+
; Q              ; 8     ; Signed Integer                               ;
; N              ; 16    ; Signed Integer                               ;
+----------------+-------+----------------------------------------------+
Note: In order to hide this table in the UI and the text report file, please set the "Show Parameter Settings in Synthesis Report" option in "Analysis and Synthesis Settings -> More Settings" to "Off".


+-----------------------------------------------------------------------+
; Parameter Settings for User Entity Instance: Mul2vector:m5|qmult:uut2 ;
+----------------+-------+----------------------------------------------+
; Parameter Name ; Value ; Type                                         ;
+----------------+-------+----------------------------------------------+
; Q              ; 8     ; Signed Integer                               ;
; N              ; 16    ; Signed Integer                               ;
+----------------+-------+----------------------------------------------+
Note: In order to hide this table in the UI and the text report file, please set the "Show Parameter Settings in Synthesis Report" option in "Analysis and Synthesis Settings -> More Settings" to "Off".


+-----------------------------------------------------------------------+
; Parameter Settings for User Entity Instance: Mul2vector:m5|vadd:Add_u ;
+----------------+-------+----------------------------------------------+
; Parameter Name ; Value ; Type                                         ;
+----------------+-------+----------------------------------------------+
; Q              ; 8     ; Signed Integer                               ;
; N              ; 16    ; Signed Integer                               ;
+----------------+-------+----------------------------------------------+
Note: In order to hide this table in the UI and the text report file, please set the "Show Parameter Settings in Synthesis Report" option in "Analysis and Synthesis Settings -> More Settings" to "Off".


+-----------------------------------------------------------------------+
; Parameter Settings for User Entity Instance: Mul2vector:m6|qmult:uut1 ;
+----------------+-------+----------------------------------------------+
; Parameter Name ; Value ; Type                                         ;
+----------------+-------+----------------------------------------------+
; Q              ; 8     ; Signed Integer                               ;
; N              ; 16    ; Signed Integer                               ;
+----------------+-------+----------------------------------------------+
Note: In order to hide this table in the UI and the text report file, please set the "Show Parameter Settings in Synthesis Report" option in "Analysis and Synthesis Settings -> More Settings" to "Off".


+-----------------------------------------------------------------------+
; Parameter Settings for User Entity Instance: Mul2vector:m6|qmult:uut2 ;
+----------------+-------+----------------------------------------------+
; Parameter Name ; Value ; Type                                         ;
+----------------+-------+----------------------------------------------+
; Q              ; 8     ; Signed Integer                               ;
; N              ; 16    ; Signed Integer                               ;
+----------------+-------+----------------------------------------------+
Note: In order to hide this table in the UI and the text report file, please set the "Show Parameter Settings in Synthesis Report" option in "Analysis and Synthesis Settings -> More Settings" to "Off".


+-----------------------------------------------------------------------+
; Parameter Settings for User Entity Instance: Mul2vector:m6|vadd:Add_u ;
+----------------+-------+----------------------------------------------+
; Parameter Name ; Value ; Type                                         ;
+----------------+-------+----------------------------------------------+
; Q              ; 8     ; Signed Integer                               ;
; N              ; 16    ; Signed Integer                               ;
+----------------+-------+----------------------------------------------+
Note: In order to hide this table in the UI and the text report file, please set the "Show Parameter Settings in Synthesis Report" option in "Analysis and Synthesis Settings -> More Settings" to "Off".


+-----------------------------------------------------------------------+
; Parameter Settings for User Entity Instance: Mul2vector:m7|qmult:uut1 ;
+----------------+-------+----------------------------------------------+
; Parameter Name ; Value ; Type                                         ;
+----------------+-------+----------------------------------------------+
; Q              ; 8     ; Signed Integer                               ;
; N              ; 16    ; Signed Integer                               ;
+----------------+-------+----------------------------------------------+
Note: In order to hide this table in the UI and the text report file, please set the "Show Parameter Settings in Synthesis Report" option in "Analysis and Synthesis Settings -> More Settings" to "Off".


+-----------------------------------------------------------------------+
; Parameter Settings for User Entity Instance: Mul2vector:m7|qmult:uut2 ;
+----------------+-------+----------------------------------------------+
; Parameter Name ; Value ; Type                                         ;
+----------------+-------+----------------------------------------------+
; Q              ; 8     ; Signed Integer                               ;
; N              ; 16    ; Signed Integer                               ;
+----------------+-------+----------------------------------------------+
Note: In order to hide this table in the UI and the text report file, please set the "Show Parameter Settings in Synthesis Report" option in "Analysis and Synthesis Settings -> More Settings" to "Off".


+-----------------------------------------------------------------------+
; Parameter Settings for User Entity Instance: Mul2vector:m7|vadd:Add_u ;
+----------------+-------+----------------------------------------------+
; Parameter Name ; Value ; Type                                         ;
+----------------+-------+----------------------------------------------+
; Q              ; 8     ; Signed Integer                               ;
; N              ; 16    ; Signed Integer                               ;
+----------------+-------+----------------------------------------------+
Note: In order to hide this table in the UI and the text report file, please set the "Show Parameter Settings in Synthesis Report" option in "Analysis and Synthesis Settings -> More Settings" to "Off".


+-----------------------------------------------------------------------+
; Parameter Settings for User Entity Instance: Mul2vector:m8|qmult:uut1 ;
+----------------+-------+----------------------------------------------+
; Parameter Name ; Value ; Type                                         ;
+----------------+-------+----------------------------------------------+
; Q              ; 8     ; Signed Integer                               ;
; N              ; 16    ; Signed Integer                               ;
+----------------+-------+----------------------------------------------+
Note: In order to hide this table in the UI and the text report file, please set the "Show Parameter Settings in Synthesis Report" option in "Analysis and Synthesis Settings -> More Settings" to "Off".


+-----------------------------------------------------------------------+
; Parameter Settings for User Entity Instance: Mul2vector:m8|qmult:uut2 ;
+----------------+-------+----------------------------------------------+
; Parameter Name ; Value ; Type                                         ;
+----------------+-------+----------------------------------------------+
; Q              ; 8     ; Signed Integer                               ;
; N              ; 16    ; Signed Integer                               ;
+----------------+-------+----------------------------------------------+
Note: In order to hide this table in the UI and the text report file, please set the "Show Parameter Settings in Synthesis Report" option in "Analysis and Synthesis Settings -> More Settings" to "Off".


+-----------------------------------------------------------------------+
; Parameter Settings for User Entity Instance: Mul2vector:m8|vadd:Add_u ;
+----------------+-------+----------------------------------------------+
; Parameter Name ; Value ; Type                                         ;
+----------------+-------+----------------------------------------------+
; Q              ; 8     ; Signed Integer                               ;
; N              ; 16    ; Signed Integer                               ;
+----------------+-------+----------------------------------------------+
Note: In order to hide this table in the UI and the text report file, please set the "Show Parameter Settings in Synthesis Report" option in "Analysis and Synthesis Settings -> More Settings" to "Off".


+----------------------------------------------------------------------------------------------------------------+
; Port Connectivity Checks: "Mul2vector:m1|qmult:uut2"                                                           ;
+------+--------+----------+-------------------------------------------------------------------------------------+
; Port ; Type   ; Severity ; Details                                                                             ;
+------+--------+----------+-------------------------------------------------------------------------------------+
; ovr  ; Output ; Info     ; Connected to dangling logic. Logic that only feeds a dangling port will be removed. ;
+------+--------+----------+-------------------------------------------------------------------------------------+


+----------------------------------------------------------------------------------------------------------------+
; Port Connectivity Checks: "Mul2vector:m1|qmult:uut1"                                                           ;
+------+--------+----------+-------------------------------------------------------------------------------------+
; Port ; Type   ; Severity ; Details                                                                             ;
+------+--------+----------+-------------------------------------------------------------------------------------+
; ovr  ; Output ; Info     ; Connected to dangling logic. Logic that only feeds a dangling port will be removed. ;
+------+--------+----------+-------------------------------------------------------------------------------------+


+-----------------------------------------------------+
; Post-Synthesis Netlist Statistics for Top Partition ;
+-----------------------+-----------------------------+
; Type                  ; Count                       ;
+-----------------------+-----------------------------+
; arriav_lcell_comb     ; 648                         ;
;     arith             ; 456                         ;
;         1 data inputs ; 192                         ;
;         2 data inputs ; 16                          ;
;         3 data inputs ; 128                         ;
;         4 data inputs ; 120                         ;
;     normal            ; 192                         ;
;         2 data inputs ; 12                          ;
;         3 data inputs ; 180                         ;
; arriav_mac            ; 16                          ;
; boundary_port         ; 320                         ;
;                       ;                             ;
; Max LUT depth         ; 3.50                        ;
; Average LUT depth     ; 2.96                        ;
+-----------------------+-----------------------------+


+-------------------------------+
; Elapsed Time Per Partition    ;
+----------------+--------------+
; Partition Name ; Elapsed Time ;
+----------------+--------------+
; Top            ; 00:00:00     ;
+----------------+--------------+


+-------------------------------+
; Analysis & Synthesis Messages ;
+-------------------------------+
Info: *******************************************************************
Info: Running Quartus Prime Analysis & Synthesis
    Info: Version 17.1.0 Build 590 10/25/2017 SJ Lite Edition
    Info: Processing started: Tue Apr 16 17:25:14 2024
Info: Command: quartus_map --read_settings_files=on --write_settings_files=off FixedPoint_Matrix -c FixedPoint_Matrix
Warning (18236): Number of processors has not been specified which may cause overloading on shared machines.  Set the global assignment NUM_PARALLEL_PROCESSORS in your QSF to an appropriate value for best performance.
Info (20030): Parallel compilation is enabled and will use 4 of the 4 processors detected
Info (12021): Found 1 design units, including 1 entities, in source file /users/dell/onedrive - ptit.edu.vn/documents/d21_doanlongvu/fpga/240413/project/rtl/tb_mul4x2_2x2matrix.sv
    Info (12023): Found entity 1: TB_Mul4x2_2x2Matrix File: C:/Users/DELL/OneDrive - ptit.edu.vn/Documents/D21_DoanLongVu/FPGA/240413/Project/RTL/TB_Mul4x2_2x2Matrix.sv Line: 2
Info (12021): Found 1 design units, including 1 entities, in source file /users/dell/onedrive - ptit.edu.vn/documents/d21_doanlongvu/fpga/240413/project/rtl/mul4x2_2x2matrix.v
    Info (12023): Found entity 1: Mul4x2_2x2Matrix File: C:/Users/DELL/OneDrive - ptit.edu.vn/Documents/D21_DoanLongVu/FPGA/240413/Project/RTL/Mul4x2_2x2Matrix.v Line: 1
Info (12021): Found 1 design units, including 1 entities, in source file /users/dell/onedrive - ptit.edu.vn/documents/d21_doanlongvu/fpga/240413/project/rtl/test_mult.v
    Info (12023): Found entity 1: Test_mult File: C:/Users/DELL/OneDrive - ptit.edu.vn/Documents/D21_DoanLongVu/FPGA/240413/Project/RTL/Test_mult.v Line: 2
Info (12021): Found 1 design units, including 1 entities, in source file /users/dell/onedrive - ptit.edu.vn/documents/d21_doanlongvu/fpga/240413/project/rtl/vadd.v
    Info (12023): Found entity 1: vadd File: C:/Users/DELL/OneDrive - ptit.edu.vn/Documents/D21_DoanLongVu/FPGA/240413/Project/RTL/vadd.v Line: 4
Info (12021): Found 1 design units, including 1 entities, in source file /users/dell/onedrive - ptit.edu.vn/documents/d21_doanlongvu/fpga/240413/project/rtl/test_add.v
    Info (12023): Found entity 1: Test_add File: C:/Users/DELL/OneDrive - ptit.edu.vn/Documents/D21_DoanLongVu/FPGA/240413/Project/RTL/Test_add.v Line: 5
Info (12021): Found 1 design units, including 1 entities, in source file /users/dell/onedrive - ptit.edu.vn/documents/d21_doanlongvu/fpga/240413/project/rtl/qmult.v
    Info (12023): Found entity 1: qmult File: C:/Users/DELL/OneDrive - ptit.edu.vn/Documents/D21_DoanLongVu/FPGA/240413/Project/RTL/qmult.v Line: 4
Info (12021): Found 1 design units, including 1 entities, in source file /users/dell/onedrive - ptit.edu.vn/documents/d21_doanlongvu/fpga/240413/project/rtl/tb_mul2vector4x1.sv
    Info (12023): Found entity 1: TB_Mul2vector4x1 File: C:/Users/DELL/OneDrive - ptit.edu.vn/Documents/D21_DoanLongVu/FPGA/240413/Project/RTL/TB_Mul2vector4x1.sv Line: 2
Info (12021): Found 1 design units, including 1 entities, in source file /users/dell/onedrive - ptit.edu.vn/documents/d21_doanlongvu/fpga/240413/project/rtl/tb_mul4x4_4x2matrix.sv
    Info (12023): Found entity 1: TB_Mul4x4_4x2matrix File: C:/Users/DELL/OneDrive - ptit.edu.vn/Documents/D21_DoanLongVu/FPGA/240413/Project/RTL/TB_Mul4x4_4x2matrix.sv Line: 2
Info (12021): Found 1 design units, including 1 entities, in source file /users/dell/onedrive - ptit.edu.vn/documents/d21_doanlongvu/fpga/240413/project/rtl/tb_mul2vector.v
    Info (12023): Found entity 1: tb_mul2vector File: C:/Users/DELL/OneDrive - ptit.edu.vn/Documents/D21_DoanLongVu/FPGA/240413/Project/RTL/tb_mul2vector.v Line: 2
Info (12021): Found 1 design units, including 1 entities, in source file /users/dell/onedrive - ptit.edu.vn/documents/d21_doanlongvu/fpga/240413/project/rtl/mul4x4_4x2matrix.v
    Info (12023): Found entity 1: Mul4x4_4x2matrix File: C:/Users/DELL/OneDrive - ptit.edu.vn/Documents/D21_DoanLongVu/FPGA/240413/Project/RTL/Mul4x4_4x2matrix.v Line: 1
Info (12021): Found 1 design units, including 1 entities, in source file /users/dell/onedrive - ptit.edu.vn/documents/d21_doanlongvu/fpga/240413/project/rtl/mul2vector4x1.v
    Info (12023): Found entity 1: Mul2vector4x1 File: C:/Users/DELL/OneDrive - ptit.edu.vn/Documents/D21_DoanLongVu/FPGA/240413/Project/RTL/Mul2vector4x1.v Line: 1
Info (12021): Found 1 design units, including 1 entities, in source file /users/dell/onedrive - ptit.edu.vn/documents/d21_doanlongvu/fpga/240413/project/rtl/mul2vector.v
    Info (12023): Found entity 1: Mul2vector File: C:/Users/DELL/OneDrive - ptit.edu.vn/Documents/D21_DoanLongVu/FPGA/240413/Project/RTL/Mul2vector.v Line: 1
Info (12127): Elaborating entity "Mul4x2_2x2Matrix" for the top level hierarchy
Info (12128): Elaborating entity "Mul2vector" for hierarchy "Mul2vector:m1" File: C:/Users/DELL/OneDrive - ptit.edu.vn/Documents/D21_DoanLongVu/FPGA/240413/Project/RTL/Mul4x2_2x2Matrix.v Line: 7
Info (12128): Elaborating entity "qmult" for hierarchy "Mul2vector:m1|qmult:uut1" File: C:/Users/DELL/OneDrive - ptit.edu.vn/Documents/D21_DoanLongVu/FPGA/240413/Project/RTL/Mul2vector.v Line: 20
Warning (10235): Verilog HDL Always Construct warning at qmult.v(38): variable "i_multiplicand" is read inside the Always Construct but isn't in the Always Construct's Event Control File: C:/Users/DELL/OneDrive - ptit.edu.vn/Documents/D21_DoanLongVu/FPGA/240413/Project/RTL/qmult.v Line: 38
Warning (10235): Verilog HDL Always Construct warning at qmult.v(38): variable "i_multiplier" is read inside the Always Construct but isn't in the Always Construct's Event Control File: C:/Users/DELL/OneDrive - ptit.edu.vn/Documents/D21_DoanLongVu/FPGA/240413/Project/RTL/qmult.v Line: 38
Info (12128): Elaborating entity "vadd" for hierarchy "Mul2vector:m1|vadd:Add_u" File: C:/Users/DELL/OneDrive - ptit.edu.vn/Documents/D21_DoanLongVu/FPGA/240413/Project/RTL/Mul2vector.v Line: 28
Info (286030): Timing-Driven Synthesis is running
Info (16010): Generating hard_block partition "hard_block:auto_generated_inst"
    Info (16011): Adding 0 node(s), including 0 DDIO, 0 PLL, 0 transceiver and 0 LCELL
Info (21057): Implemented 984 device resources after synthesis - the final resource count might be different
    Info (21058): Implemented 192 input pins
    Info (21059): Implemented 128 output pins
    Info (21061): Implemented 648 logic cells
    Info (21062): Implemented 16 DSP elements
Info: Quartus Prime Analysis & Synthesis was successful. 0 errors, 3 warnings
    Info: Peak virtual memory: 4832 megabytes
    Info: Processing ended: Tue Apr 16 17:25:29 2024
    Info: Elapsed time: 00:00:15
    Info: Total CPU time (on all processors): 00:00:30


