Analysis & Synthesis report for Block1
Sat Aug 17 14:43:26 2024
Quartus Prime Version 17.1.0 Build 590 10/25/2017 SJ Lite Edition


---------------------
; Table of Contents ;
---------------------
  1. Legal Notice
  2. Analysis & Synthesis Summary
  3. Analysis & Synthesis Settings
  4. Parallel Compilation
  5. Analysis & Synthesis Source Files Read
  6. Analysis & Synthesis Resource Usage Summary
  7. Analysis & Synthesis Resource Utilization by Entity
  8. Analysis & Synthesis DSP Block Usage Summary
  9. Registers Removed During Synthesis
 10. General Register Statistics
 11. Parameter Settings for User Entity Instance: Top-level Entity: |cmult
 12. Parameter Settings for User Entity Instance: qmult:qmult_common
 13. Parameter Settings for User Entity Instance: qmult:qmult_real
 14. Parameter Settings for User Entity Instance: qmult:qmult_imag
 15. Port Connectivity Checks: "qmult:qmult_imag"
 16. Port Connectivity Checks: "qmult:qmult_real"
 17. Port Connectivity Checks: "qmult:qmult_common"
 18. Post-Synthesis Netlist Statistics for Top Partition
 19. Elapsed Time Per Partition
 20. Analysis & Synthesis Messages
 21. Analysis & Synthesis Suppressed Messages



----------------
; Legal Notice ;
----------------
Copyright (C) 2017  Intel Corporation. All rights reserved.
Your use of Intel Corporation's design tools, logic functions 
and other software and tools, and its AMPP partner logic 
functions, and any output files from any of the foregoing 
(including device programming or simulation files), and any 
associated documentation or information are expressly subject 
to the terms and conditions of the Intel Program License 
Subscription Agreement, the Intel Quartus Prime License Agreement,
the Intel FPGA IP License Agreement, or other applicable license
agreement, including, without limitation, that your use is for
the sole purpose of programming logic devices manufactured by
Intel and sold by Intel or its authorized distributors.  Please
refer to the applicable agreement for further details.



+-------------------------------------------------------------------------------+
; Analysis & Synthesis Summary                                                  ;
+---------------------------------+---------------------------------------------+
; Analysis & Synthesis Status     ; Successful - Sat Aug 17 14:43:26 2024       ;
; Quartus Prime Version           ; 17.1.0 Build 590 10/25/2017 SJ Lite Edition ;
; Revision Name                   ; Block1                                      ;
; Top-level Entity Name           ; cmult                                       ;
; Family                          ; Cyclone V                                   ;
; Logic utilization (in ALMs)     ; N/A                                         ;
; Total registers                 ; 336                                         ;
; Total pins                      ; 97                                          ;
; Total virtual pins              ; 0                                           ;
; Total block memory bits         ; 0                                           ;
; Total DSP Blocks                ; 3                                           ;
; Total HSSI RX PCSs              ; 0                                           ;
; Total HSSI PMA RX Deserializers ; 0                                           ;
; Total HSSI TX PCSs              ; 0                                           ;
; Total HSSI PMA TX Serializers   ; 0                                           ;
; Total PLLs                      ; 0                                           ;
; Total DLLs                      ; 0                                           ;
+---------------------------------+---------------------------------------------+


+---------------------------------------------------------------------------------------------------------------------------+
; Analysis & Synthesis Settings                                                                                             ;
+---------------------------------------------------------------------------------+--------------------+--------------------+
; Option                                                                          ; Setting            ; Default Value      ;
+---------------------------------------------------------------------------------+--------------------+--------------------+
; Device                                                                          ; 5CGXFC5C6F27C7     ;                    ;
; Top-level entity name                                                           ; cmult              ; Block1             ;
; Family name                                                                     ; Cyclone V          ; Cyclone V          ;
; Use smart compilation                                                           ; Off                ; Off                ;
; Enable parallel Assembler and TimeQuest Timing Analyzer during compilation      ; On                 ; On                 ;
; Enable compact report table                                                     ; Off                ; Off                ;
; Restructure Multiplexers                                                        ; Auto               ; Auto               ;
; MLAB Add Timing Constraints For Mixed-Port Feed-Through Mode Setting Don't Care ; Off                ; Off                ;
; Create Debugging Nodes for IP Cores                                             ; Off                ; Off                ;
; Preserve fewer node names                                                       ; On                 ; On                 ;
; Intel FPGA IP Evaluation Mode                                                   ; Enable             ; Enable             ;
; Verilog Version                                                                 ; Verilog_2001       ; Verilog_2001       ;
; VHDL Version                                                                    ; VHDL_1993          ; VHDL_1993          ;
; State Machine Processing                                                        ; Auto               ; Auto               ;
; Safe State Machine                                                              ; Off                ; Off                ;
; Extract Verilog State Machines                                                  ; On                 ; On                 ;
; Extract VHDL State Machines                                                     ; On                 ; On                 ;
; Ignore Verilog initial constructs                                               ; Off                ; Off                ;
; Iteration limit for constant Verilog loops                                      ; 5000               ; 5000               ;
; Iteration limit for non-constant Verilog loops                                  ; 250                ; 250                ;
; Add Pass-Through Logic to Inferred RAMs                                         ; On                 ; On                 ;
; Infer RAMs from Raw Logic                                                       ; On                 ; On                 ;
; Parallel Synthesis                                                              ; On                 ; On                 ;
; DSP Block Balancing                                                             ; Auto               ; Auto               ;
; NOT Gate Push-Back                                                              ; On                 ; On                 ;
; Power-Up Don't Care                                                             ; On                 ; On                 ;
; Remove Redundant Logic Cells                                                    ; Off                ; Off                ;
; Remove Duplicate Registers                                                      ; On                 ; On                 ;
; Ignore CARRY Buffers                                                            ; Off                ; Off                ;
; Ignore CASCADE Buffers                                                          ; Off                ; Off                ;
; Ignore GLOBAL Buffers                                                           ; Off                ; Off                ;
; Ignore ROW GLOBAL Buffers                                                       ; Off                ; Off                ;
; Ignore LCELL Buffers                                                            ; Off                ; Off                ;
; Ignore SOFT Buffers                                                             ; On                 ; On                 ;
; Limit AHDL Integers to 32 Bits                                                  ; Off                ; Off                ;
; Optimization Technique                                                          ; Balanced           ; Balanced           ;
; Carry Chain Length                                                              ; 70                 ; 70                 ;
; Auto Carry Chains                                                               ; On                 ; On                 ;
; Auto Open-Drain Pins                                                            ; On                 ; On                 ;
; Perform WYSIWYG Primitive Resynthesis                                           ; Off                ; Off                ;
; Auto ROM Replacement                                                            ; On                 ; On                 ;
; Auto RAM Replacement                                                            ; On                 ; On                 ;
; Auto DSP Block Replacement                                                      ; On                 ; On                 ;
; Auto Shift Register Replacement                                                 ; Auto               ; Auto               ;
; Allow Shift Register Merging across Hierarchies                                 ; Auto               ; Auto               ;
; Auto Clock Enable Replacement                                                   ; On                 ; On                 ;
; Strict RAM Replacement                                                          ; Off                ; Off                ;
; Allow Synchronous Control Signals                                               ; On                 ; On                 ;
; Force Use of Synchronous Clear Signals                                          ; Off                ; Off                ;
; Auto Resource Sharing                                                           ; Off                ; Off                ;
; Allow Any RAM Size For Recognition                                              ; Off                ; Off                ;
; Allow Any ROM Size For Recognition                                              ; Off                ; Off                ;
; Allow Any Shift Register Size For Recognition                                   ; Off                ; Off                ;
; Use LogicLock Constraints during Resource Balancing                             ; On                 ; On                 ;
; Ignore translate_off and synthesis_off directives                               ; Off                ; Off                ;
; Timing-Driven Synthesis                                                         ; On                 ; On                 ;
; Report Parameter Settings                                                       ; On                 ; On                 ;
; Report Source Assignments                                                       ; On                 ; On                 ;
; Report Connectivity Checks                                                      ; On                 ; On                 ;
; Ignore Maximum Fan-Out Assignments                                              ; Off                ; Off                ;
; Synchronization Register Chain Length                                           ; 3                  ; 3                  ;
; Power Optimization During Synthesis                                             ; Normal compilation ; Normal compilation ;
; HDL message level                                                               ; Level2             ; Level2             ;
; Suppress Register Optimization Related Messages                                 ; Off                ; Off                ;
; Number of Removed Registers Reported in Synthesis Report                        ; 5000               ; 5000               ;
; Number of Swept Nodes Reported in Synthesis Report                              ; 5000               ; 5000               ;
; Number of Inverted Registers Reported in Synthesis Report                       ; 100                ; 100                ;
; Clock MUX Protection                                                            ; On                 ; On                 ;
; Auto Gated Clock Conversion                                                     ; Off                ; Off                ;
; Block Design Naming                                                             ; Auto               ; Auto               ;
; SDC constraint protection                                                       ; Off                ; Off                ;
; Synthesis Effort                                                                ; Auto               ; Auto               ;
; Shift Register Replacement - Allow Asynchronous Clear Signal                    ; On                 ; On                 ;
; Pre-Mapping Resynthesis Optimization                                            ; Off                ; Off                ;
; Analysis & Synthesis Message Level                                              ; Medium             ; Medium             ;
; Disable Register Merging Across Hierarchies                                     ; Auto               ; Auto               ;
; Resource Aware Inference For Block RAM                                          ; On                 ; On                 ;
; Automatic Parallel Synthesis                                                    ; On                 ; On                 ;
; Partial Reconfiguration Bitstream ID                                            ; Off                ; Off                ;
+---------------------------------------------------------------------------------+--------------------+--------------------+


+------------------------------------------+
; Parallel Compilation                     ;
+----------------------------+-------------+
; Processors                 ; Number      ;
+----------------------------+-------------+
; Number detected on machine ; 4           ;
; Maximum allowed            ; 4           ;
;                            ;             ;
; Average used               ; 1.00        ;
; Maximum used               ; 4           ;
;                            ;             ;
; Usage by Processor         ; % Time Used ;
;     Processor 1            ; 100.0%      ;
;     Processor 2            ;   0.0%      ;
;     Processor 3            ;   0.0%      ;
;     Processor 4            ;   0.0%      ;
+----------------------------+-------------+


+-------------------------------------------------------------------------------------------------------------------------------------------------------------------------------------------+
; Analysis & Synthesis Source Files Read                                                                                                                                                    ;
+----------------------------------+-----------------+------------------------+---------------------------------------------------------------------------------------------------+---------+
; File Name with User-Entered Path ; Used in Netlist ; File Type              ; File Name with Absolute Path                                                                      ; Library ;
+----------------------------------+-----------------+------------------------+---------------------------------------------------------------------------------------------------+---------+
; ../RTL/Des/qmult.v               ; yes             ; User Verilog HDL File  ; C:/Users/DELL/OneDrive - ptit.edu.vn/Documents/FPGA/NhatKyCongViec/240817/Project/RTL/Des/qmult.v ;         ;
; ../RTL/Des/cmult.v               ; yes             ; User Verilog HDL File  ; C:/Users/DELL/OneDrive - ptit.edu.vn/Documents/FPGA/NhatKyCongViec/240817/Project/RTL/Des/cmult.v ;         ;
+----------------------------------+-----------------+------------------------+---------------------------------------------------------------------------------------------------+---------+


+---------------------------------------------------------+
; Analysis & Synthesis Resource Usage Summary             ;
+---------------------------------------------+-----------+
; Resource                                    ; Usage     ;
+---------------------------------------------+-----------+
; Estimate of Logic utilization (ALMs needed) ; 201       ;
;                                             ;           ;
; Combinational ALUT usage for logic          ; 290       ;
;     -- 7 input functions                    ; 0         ;
;     -- 6 input functions                    ; 0         ;
;     -- 5 input functions                    ; 0         ;
;     -- 4 input functions                    ; 30        ;
;     -- <=3 input functions                  ; 260       ;
;                                             ;           ;
; Dedicated logic registers                   ; 336       ;
;                                             ;           ;
; I/O pins                                    ; 97        ;
;                                             ;           ;
; Total DSP Blocks                            ; 3         ;
;                                             ;           ;
; Maximum fan-out node                        ; clk~input ;
; Maximum fan-out                             ; 336       ;
; Total fan-out                               ; 1730      ;
; Average fan-out                             ; 2.10      ;
+---------------------------------------------+-----------+


+----------------------------------------------------------------------------------------------------------------------------------------------------------------------------------------------+
; Analysis & Synthesis Resource Utilization by Entity                                                                                                                                          ;
+----------------------------+---------------------+---------------------------+-------------------+------------+------+--------------+---------------------------+-------------+--------------+
; Compilation Hierarchy Node ; Combinational ALUTs ; Dedicated Logic Registers ; Block Memory Bits ; DSP Blocks ; Pins ; Virtual Pins ; Full Hierarchy Name       ; Entity Name ; Library Name ;
+----------------------------+---------------------+---------------------------+-------------------+------------+------+--------------+---------------------------+-------------+--------------+
; |cmult                     ; 290 (48)            ; 336 (336)                 ; 0                 ; 3          ; 97   ; 0            ; |cmult                    ; cmult       ; work         ;
;    |qmult:qmult_common|    ; 80 (80)             ; 0 (0)                     ; 0                 ; 1          ; 0    ; 0            ; |cmult|qmult:qmult_common ; qmult       ; work         ;
;    |qmult:qmult_imag|      ; 81 (81)             ; 0 (0)                     ; 0                 ; 1          ; 0    ; 0            ; |cmult|qmult:qmult_imag   ; qmult       ; work         ;
;    |qmult:qmult_real|      ; 81 (81)             ; 0 (0)                     ; 0                 ; 1          ; 0    ; 0            ; |cmult|qmult:qmult_real   ; qmult       ; work         ;
+----------------------------+---------------------+---------------------------+-------------------+------------+------+--------------+---------------------------+-------------+--------------+
Note: For table entries with two numbers listed, the numbers in parentheses indicate the number of resources of the given type used by the specific entity alone. The numbers listed outside of parentheses indicate the total resources of the given type used by the specific entity and all of its sub-entities in the hierarchy.


+-----------------------------------------------+
; Analysis & Synthesis DSP Block Usage Summary  ;
+---------------------------------+-------------+
; Statistic                       ; Number Used ;
+---------------------------------+-------------+
; Two Independent 18x18           ; 3           ;
; Total number of DSP blocks      ; 3           ;
;                                 ;             ;
; Fixed Point Unsigned Multiplier ; 3           ;
+---------------------------------+-------------+


+-------------------------------------------------------------------+
; Registers Removed During Synthesis                                ;
+----------------------------------------+--------------------------+
; Register name                          ; Reason for Removal       ;
+----------------------------------------+--------------------------+
; commonr1[0]                            ; Merged with commonr2[0]  ;
; commonr1[1]                            ; Merged with commonr2[1]  ;
; commonr1[2]                            ; Merged with commonr2[2]  ;
; commonr1[3]                            ; Merged with commonr2[3]  ;
; commonr1[4]                            ; Merged with commonr2[4]  ;
; commonr1[5]                            ; Merged with commonr2[5]  ;
; commonr1[6]                            ; Merged with commonr2[6]  ;
; commonr1[7]                            ; Merged with commonr2[7]  ;
; commonr1[8]                            ; Merged with commonr2[8]  ;
; commonr1[9]                            ; Merged with commonr2[9]  ;
; commonr1[10]                           ; Merged with commonr2[10] ;
; commonr1[11]                           ; Merged with commonr2[11] ;
; commonr1[12]                           ; Merged with commonr2[12] ;
; commonr1[13]                           ; Merged with commonr2[13] ;
; commonr1[14]                           ; Merged with commonr2[14] ;
; commonr1[15]                           ; Merged with commonr2[15] ;
; Total Number of Removed Registers = 16 ;                          ;
+----------------------------------------+--------------------------+


+------------------------------------------------------+
; General Register Statistics                          ;
+----------------------------------------------+-------+
; Statistic                                    ; Value ;
+----------------------------------------------+-------+
; Total registers                              ; 336   ;
; Number of registers using Synchronous Clear  ; 0     ;
; Number of registers using Synchronous Load   ; 0     ;
; Number of registers using Asynchronous Clear ; 0     ;
; Number of registers using Asynchronous Load  ; 0     ;
; Number of registers using Clock Enable       ; 0     ;
; Number of registers using Preset             ; 0     ;
+----------------------------------------------+-------+


+-----------------------------------------------------------------------+
; Parameter Settings for User Entity Instance: Top-level Entity: |cmult ;
+----------------+-------+----------------------------------------------+
; Parameter Name ; Value ; Type                                         ;
+----------------+-------+----------------------------------------------+
; Q              ; 8     ; Signed Integer                               ;
; N              ; 16    ; Signed Integer                               ;
+----------------+-------+----------------------------------------------+
Note: In order to hide this table in the UI and the text report file, please set the "Show Parameter Settings in Synthesis Report" option in "Analysis and Synthesis Settings -> More Settings" to "Off".


+-----------------------------------------------------------------+
; Parameter Settings for User Entity Instance: qmult:qmult_common ;
+----------------+-------+----------------------------------------+
; Parameter Name ; Value ; Type                                   ;
+----------------+-------+----------------------------------------+
; Q              ; 8     ; Signed Integer                         ;
; N              ; 16    ; Signed Integer                         ;
+----------------+-------+----------------------------------------+
Note: In order to hide this table in the UI and the text report file, please set the "Show Parameter Settings in Synthesis Report" option in "Analysis and Synthesis Settings -> More Settings" to "Off".


+---------------------------------------------------------------+
; Parameter Settings for User Entity Instance: qmult:qmult_real ;
+----------------+-------+--------------------------------------+
; Parameter Name ; Value ; Type                                 ;
+----------------+-------+--------------------------------------+
; Q              ; 8     ; Signed Integer                       ;
; N              ; 16    ; Signed Integer                       ;
+----------------+-------+--------------------------------------+
Note: In order to hide this table in the UI and the text report file, please set the "Show Parameter Settings in Synthesis Report" option in "Analysis and Synthesis Settings -> More Settings" to "Off".


+---------------------------------------------------------------+
; Parameter Settings for User Entity Instance: qmult:qmult_imag ;
+----------------+-------+--------------------------------------+
; Parameter Name ; Value ; Type                                 ;
+----------------+-------+--------------------------------------+
; Q              ; 8     ; Signed Integer                       ;
; N              ; 16    ; Signed Integer                       ;
+----------------+-------+--------------------------------------+
Note: In order to hide this table in the UI and the text report file, please set the "Show Parameter Settings in Synthesis Report" option in "Analysis and Synthesis Settings -> More Settings" to "Off".


+-------------------------------------------------------------------------------------------------------------------------------------------------------------------------------------------------------------------------+
; Port Connectivity Checks: "qmult:qmult_imag"                                                                                                                                                                            ;
+----------------+--------+----------+------------------------------------------------------------------------------------------------------------------------------------------------------------------------------------+
; Port           ; Type   ; Severity ; Details                                                                                                                                                                            ;
+----------------+--------+----------+------------------------------------------------------------------------------------------------------------------------------------------------------------------------------------+
; i_multiplicand ; Input  ; Warning  ; Input port expression (17 bits) is wider than the input port (16 bits) it drives.  The 1 most-significant bit(s) in the expression will be dangling if they have no other fanouts. ;
; ovr            ; Output ; Info     ; Connected to dangling logic. Logic that only feeds a dangling port will be removed.                                                                                                ;
+----------------+--------+----------+------------------------------------------------------------------------------------------------------------------------------------------------------------------------------------+


+-------------------------------------------------------------------------------------------------------------------------------------------------------------------------------------------------------------------------+
; Port Connectivity Checks: "qmult:qmult_real"                                                                                                                                                                            ;
+----------------+--------+----------+------------------------------------------------------------------------------------------------------------------------------------------------------------------------------------+
; Port           ; Type   ; Severity ; Details                                                                                                                                                                            ;
+----------------+--------+----------+------------------------------------------------------------------------------------------------------------------------------------------------------------------------------------+
; i_multiplicand ; Input  ; Warning  ; Input port expression (17 bits) is wider than the input port (16 bits) it drives.  The 1 most-significant bit(s) in the expression will be dangling if they have no other fanouts. ;
; ovr            ; Output ; Info     ; Connected to dangling logic. Logic that only feeds a dangling port will be removed.                                                                                                ;
+----------------+--------+----------+------------------------------------------------------------------------------------------------------------------------------------------------------------------------------------+


+-------------------------------------------------------------------------------------------------------------------------------------------------------------------------------------------------------------------------+
; Port Connectivity Checks: "qmult:qmult_common"                                                                                                                                                                          ;
+----------------+--------+----------+------------------------------------------------------------------------------------------------------------------------------------------------------------------------------------+
; Port           ; Type   ; Severity ; Details                                                                                                                                                                            ;
+----------------+--------+----------+------------------------------------------------------------------------------------------------------------------------------------------------------------------------------------+
; i_multiplicand ; Input  ; Warning  ; Input port expression (17 bits) is wider than the input port (16 bits) it drives.  The 1 most-significant bit(s) in the expression will be dangling if they have no other fanouts. ;
; ovr            ; Output ; Info     ; Connected to dangling logic. Logic that only feeds a dangling port will be removed.                                                                                                ;
+----------------+--------+----------+------------------------------------------------------------------------------------------------------------------------------------------------------------------------------------+


+-----------------------------------------------------+
; Post-Synthesis Netlist Statistics for Top Partition ;
+-----------------------+-----------------------------+
; Type                  ; Count                       ;
+-----------------------+-----------------------------+
; arriav_ff             ; 336                         ;
;     plain             ; 336                         ;
; arriav_lcell_comb     ; 290                         ;
;     arith             ; 162                         ;
;         1 data inputs ; 96                          ;
;         2 data inputs ; 19                          ;
;         3 data inputs ; 17                          ;
;         4 data inputs ; 30                          ;
;     normal            ; 96                          ;
;         2 data inputs ; 6                           ;
;         3 data inputs ; 90                          ;
;     shared            ; 32                          ;
;         2 data inputs ; 32                          ;
; arriav_mac            ; 3                           ;
; boundary_port         ; 97                          ;
;                       ;                             ;
; Max LUT depth         ; 3.50                        ;
; Average LUT depth     ; 1.89                        ;
+-----------------------+-----------------------------+


+-------------------------------+
; Elapsed Time Per Partition    ;
+----------------+--------------+
; Partition Name ; Elapsed Time ;
+----------------+--------------+
; Top            ; 00:00:00     ;
+----------------+--------------+


+-------------------------------+
; Analysis & Synthesis Messages ;
+-------------------------------+
Info: *******************************************************************
Info: Running Quartus Prime Analysis & Synthesis
    Info: Version 17.1.0 Build 590 10/25/2017 SJ Lite Edition
    Info: Processing started: Sat Aug 17 14:43:11 2024
Info: Command: quartus_map --read_settings_files=on --write_settings_files=off Block1 -c Block1
Warning (18236): Number of processors has not been specified which may cause overloading on shared machines.  Set the global assignment NUM_PARALLEL_PROCESSORS in your QSF to an appropriate value for best performance.
Info (20030): Parallel compilation is enabled and will use 4 of the 4 processors detected
Info (12021): Found 1 design units, including 1 entities, in source file /users/dell/onedrive - ptit.edu.vn/documents/fpga/nhatkycongviec/240817/project/rtl/des/read_data.v
    Info (12023): Found entity 1: Read_data File: C:/Users/DELL/OneDrive - ptit.edu.vn/Documents/FPGA/NhatKyCongViec/240817/Project/RTL/Des/Read_data.v Line: 1
Info (12021): Found 1 design units, including 1 entities, in source file /users/dell/onedrive - ptit.edu.vn/documents/fpga/nhatkycongviec/240817/project/rtl/tb/tb_readdata.sv
    Info (12023): Found entity 1: TB_ReadData File: C:/Users/DELL/OneDrive - ptit.edu.vn/Documents/FPGA/NhatKyCongViec/240817/Project/RTL/Tb/TB_ReadData.sv Line: 1
Info (12021): Found 1 design units, including 1 entities, in source file /users/dell/onedrive - ptit.edu.vn/documents/fpga/nhatkycongviec/240817/project/rtl/tb/testmults.v
    Info (12023): Found entity 1: TestMultS File: C:/Users/DELL/OneDrive - ptit.edu.vn/Documents/FPGA/NhatKyCongViec/240817/Project/RTL/Tb/TestMultS.v Line: 25
Info (12021): Found 1 design units, including 1 entities, in source file /users/dell/onedrive - ptit.edu.vn/documents/fpga/nhatkycongviec/240817/project/rtl/tb/tb_rom.sv
    Info (12023): Found entity 1: tb_rom File: C:/Users/DELL/OneDrive - ptit.edu.vn/Documents/FPGA/NhatKyCongViec/240817/Project/RTL/Tb/tb_rom.sv Line: 2
Info (12021): Found 1 design units, including 1 entities, in source file /users/dell/onedrive - ptit.edu.vn/documents/fpga/nhatkycongviec/240817/project/rtl/des/rom.v
    Info (12023): Found entity 1: rom File: C:/Users/DELL/OneDrive - ptit.edu.vn/Documents/FPGA/NhatKyCongViec/240817/Project/RTL/Des/rom.v Line: 1
Info (12021): Found 1 design units, including 1 entities, in source file /users/dell/onedrive - ptit.edu.vn/documents/fpga/nhatkycongviec/240817/project/rtl/des/vadd.v
    Info (12023): Found entity 1: vadd File: C:/Users/DELL/OneDrive - ptit.edu.vn/Documents/FPGA/NhatKyCongViec/240817/Project/RTL/Des/vadd.v Line: 4
Info (12021): Found 1 design units, including 1 entities, in source file /users/dell/onedrive - ptit.edu.vn/documents/fpga/nhatkycongviec/240817/project/rtl/des/qmults.v
    Info (12023): Found entity 1: qmults File: C:/Users/DELL/OneDrive - ptit.edu.vn/Documents/FPGA/NhatKyCongViec/240817/Project/RTL/Des/qmults.v Line: 21
Info (12021): Found 1 design units, including 1 entities, in source file /users/dell/onedrive - ptit.edu.vn/documents/fpga/nhatkycongviec/240817/project/rtl/des/qmult.v
    Info (12023): Found entity 1: qmult File: C:/Users/DELL/OneDrive - ptit.edu.vn/Documents/FPGA/NhatKyCongViec/240817/Project/RTL/Des/qmult.v Line: 2
Info (12021): Found 1 design units, including 1 entities, in source file /users/dell/onedrive - ptit.edu.vn/documents/fpga/nhatkycongviec/240817/project/rtl/des/qadd.v
    Info (12023): Found entity 1: qadd File: C:/Users/DELL/OneDrive - ptit.edu.vn/Documents/FPGA/NhatKyCongViec/240817/Project/RTL/Des/qadd.v Line: 21
Info (12021): Found 1 design units, including 1 entities, in source file /users/dell/onedrive - ptit.edu.vn/documents/fpga/nhatkycongviec/240817/project/rtl/des/block1.v
    Info (12023): Found entity 1: Block1 File: C:/Users/DELL/OneDrive - ptit.edu.vn/Documents/FPGA/NhatKyCongViec/240817/Project/RTL/Des/Block1.v Line: 1
Info (12021): Found 1 design units, including 1 entities, in source file /users/dell/onedrive - ptit.edu.vn/documents/fpga/nhatkycongviec/240817/project/rtl/des/lut_s.v
    Info (12023): Found entity 1: LUT_S File: C:/Users/DELL/OneDrive - ptit.edu.vn/Documents/FPGA/NhatKyCongViec/240817/Project/RTL/Des/LUT_S.v Line: 1
Info (12021): Found 1 design units, including 1 entities, in source file /users/dell/onedrive - ptit.edu.vn/documents/fpga/nhatkycongviec/240817/project/rtl/des/cmult.v
    Info (12023): Found entity 1: cmult File: C:/Users/DELL/OneDrive - ptit.edu.vn/Documents/FPGA/NhatKyCongViec/240817/Project/RTL/Des/cmult.v Line: 5
Info (12021): Found 1 design units, including 1 entities, in source file /users/dell/onedrive - ptit.edu.vn/documents/fpga/nhatkycongviec/240817/project/rtl/tb/tb_cmult.sv
    Info (12023): Found entity 1: tb_cmult File: C:/Users/DELL/OneDrive - ptit.edu.vn/Documents/FPGA/NhatKyCongViec/240817/Project/RTL/Tb/tb_cmult.sv Line: 2
Info (12021): Found 1 design units, including 1 entities, in source file /users/dell/onedrive - ptit.edu.vn/documents/fpga/nhatkycongviec/240817/project/rtl/des/divisor.v
    Info (12023): Found entity 1: divisor File: C:/Users/DELL/OneDrive - ptit.edu.vn/Documents/FPGA/NhatKyCongViec/240817/Project/RTL/Des/divisor.v Line: 1
Warning (10236): Verilog HDL Implicit Net warning at Read_data.v(22): created implicit net for "enaRowH" File: C:/Users/DELL/OneDrive - ptit.edu.vn/Documents/FPGA/NhatKyCongViec/240817/Project/RTL/Des/Read_data.v Line: 22
Warning (10236): Verilog HDL Implicit Net warning at Read_data.v(23): created implicit net for "enaSi" File: C:/Users/DELL/OneDrive - ptit.edu.vn/Documents/FPGA/NhatKyCongViec/240817/Project/RTL/Des/Read_data.v Line: 23
Info (12127): Elaborating entity "cmult" for the top level hierarchy
Info (12128): Elaborating entity "qmult" for hierarchy "qmult:qmult_common" File: C:/Users/DELL/OneDrive - ptit.edu.vn/Documents/FPGA/NhatKyCongViec/240817/Project/RTL/Des/cmult.v Line: 50
Warning (10235): Verilog HDL Always Construct warning at qmult.v(33): variable "i_multiplicand" is read inside the Always Construct but isn't in the Always Construct's Event Control File: C:/Users/DELL/OneDrive - ptit.edu.vn/Documents/FPGA/NhatKyCongViec/240817/Project/RTL/Des/qmult.v Line: 33
Warning (10235): Verilog HDL Always Construct warning at qmult.v(33): variable "i_multiplier" is read inside the Always Construct but isn't in the Always Construct's Event Control File: C:/Users/DELL/OneDrive - ptit.edu.vn/Documents/FPGA/NhatKyCongViec/240817/Project/RTL/Des/qmult.v Line: 33
Info (286030): Timing-Driven Synthesis is running
Warning (12241): 3 hierarchies have connectivity warnings - see the Connectivity Checks report folder
Info (144001): Generated suppressed messages file C:/Users/DELL/OneDrive - ptit.edu.vn/Documents/FPGA/NhatKyCongViec/240817/Project/Synth/output_files/Block1.map.smsg
Info (16010): Generating hard_block partition "hard_block:auto_generated_inst"
    Info (16011): Adding 0 node(s), including 0 DDIO, 0 PLL, 0 transceiver and 0 LCELL
Info (21057): Implemented 630 device resources after synthesis - the final resource count might be different
    Info (21058): Implemented 65 input pins
    Info (21059): Implemented 32 output pins
    Info (21061): Implemented 530 logic cells
    Info (21062): Implemented 3 DSP elements
Info: Quartus Prime Analysis & Synthesis was successful. 0 errors, 6 warnings
    Info: Peak virtual memory: 4856 megabytes
    Info: Processing ended: Sat Aug 17 14:43:26 2024
    Info: Elapsed time: 00:00:15
    Info: Total CPU time (on all processors): 00:00:29


+------------------------------------------+
; Analysis & Synthesis Suppressed Messages ;
+------------------------------------------+
The suppressed messages can be found in C:/Users/DELL/OneDrive - ptit.edu.vn/Documents/FPGA/NhatKyCongViec/240817/Project/Synth/output_files/Block1.map.smsg.


