Analysis & Synthesis report for project
Tue Apr 02 08:46:22 2024
Quartus Prime Version 17.1.0 Build 590 10/25/2017 SJ Lite Edition


---------------------
; Table of Contents ;
---------------------
  1. Legal Notice
  2. Analysis & Synthesis Summary
  3. Analysis & Synthesis Settings
  4. Parallel Compilation
  5. Analysis & Synthesis Source Files Read
  6. Analysis & Synthesis Resource Usage Summary
  7. Analysis & Synthesis Resource Utilization by Entity
  8. General Register Statistics
  9. Port Connectivity Checks: "Mul2vector:m1|adder8bit:a"
 10. Post-Synthesis Netlist Statistics for Top Partition
 11. Elapsed Time Per Partition
 12. Analysis & Synthesis Messages



----------------
; Legal Notice ;
----------------
Copyright (C) 2017  Intel Corporation. All rights reserved.
Your use of Intel Corporation's design tools, logic functions 
and other software and tools, and its AMPP partner logic 
functions, and any output files from any of the foregoing 
(including device programming or simulation files), and any 
associated documentation or information are expressly subject 
to the terms and conditions of the Intel Program License 
Subscription Agreement, the Intel Quartus Prime License Agreement,
the Intel FPGA IP License Agreement, or other applicable license
agreement, including, without limitation, that your use is for
the sole purpose of programming logic devices manufactured by
Intel and sold by Intel or its authorized distributors.  Please
refer to the applicable agreement for further details.



+-------------------------------------------------------------------------------+
; Analysis & Synthesis Summary                                                  ;
+---------------------------------+---------------------------------------------+
; Analysis & Synthesis Status     ; Successful - Tue Apr 02 08:46:22 2024       ;
; Quartus Prime Version           ; 17.1.0 Build 590 10/25/2017 SJ Lite Edition ;
; Revision Name                   ; project                                     ;
; Top-level Entity Name           ; Mul4x2_2x2Matrix                            ;
; Family                          ; Cyclone V                                   ;
; Logic utilization (in ALMs)     ; N/A                                         ;
; Total registers                 ; 0                                           ;
; Total pins                      ; 120                                         ;
; Total virtual pins              ; 0                                           ;
; Total block memory bits         ; 0                                           ;
; Total DSP Blocks                ; 0                                           ;
; Total HSSI RX PCSs              ; 0                                           ;
; Total HSSI PMA RX Deserializers ; 0                                           ;
; Total HSSI TX PCSs              ; 0                                           ;
; Total HSSI PMA TX Serializers   ; 0                                           ;
; Total PLLs                      ; 0                                           ;
; Total DLLs                      ; 0                                           ;
+---------------------------------+---------------------------------------------+


+---------------------------------------------------------------------------------------------------------------------------+
; Analysis & Synthesis Settings                                                                                             ;
+---------------------------------------------------------------------------------+--------------------+--------------------+
; Option                                                                          ; Setting            ; Default Value      ;
+---------------------------------------------------------------------------------+--------------------+--------------------+
; Device                                                                          ; 5CSXFC6D6F31C6     ;                    ;
; Top-level entity name                                                           ; Mul4x2_2x2Matrix   ; project            ;
; Family name                                                                     ; Cyclone V          ; Cyclone V          ;
; Use smart compilation                                                           ; Off                ; Off                ;
; Enable parallel Assembler and TimeQuest Timing Analyzer during compilation      ; On                 ; On                 ;
; Enable compact report table                                                     ; Off                ; Off                ;
; Restructure Multiplexers                                                        ; Auto               ; Auto               ;
; MLAB Add Timing Constraints For Mixed-Port Feed-Through Mode Setting Don't Care ; Off                ; Off                ;
; Create Debugging Nodes for IP Cores                                             ; Off                ; Off                ;
; Preserve fewer node names                                                       ; On                 ; On                 ;
; Intel FPGA IP Evaluation Mode                                                   ; Enable             ; Enable             ;
; Verilog Version                                                                 ; Verilog_2001       ; Verilog_2001       ;
; VHDL Version                                                                    ; VHDL_1993          ; VHDL_1993          ;
; State Machine Processing                                                        ; Auto               ; Auto               ;
; Safe State Machine                                                              ; Off                ; Off                ;
; Extract Verilog State Machines                                                  ; On                 ; On                 ;
; Extract VHDL State Machines                                                     ; On                 ; On                 ;
; Ignore Verilog initial constructs                                               ; Off                ; Off                ;
; Iteration limit for constant Verilog loops                                      ; 5000               ; 5000               ;
; Iteration limit for non-constant Verilog loops                                  ; 250                ; 250                ;
; Add Pass-Through Logic to Inferred RAMs                                         ; On                 ; On                 ;
; Infer RAMs from Raw Logic                                                       ; On                 ; On                 ;
; Parallel Synthesis                                                              ; On                 ; On                 ;
; DSP Block Balancing                                                             ; Auto               ; Auto               ;
; NOT Gate Push-Back                                                              ; On                 ; On                 ;
; Power-Up Don't Care                                                             ; On                 ; On                 ;
; Remove Redundant Logic Cells                                                    ; Off                ; Off                ;
; Remove Duplicate Registers                                                      ; On                 ; On                 ;
; Ignore CARRY Buffers                                                            ; Off                ; Off                ;
; Ignore CASCADE Buffers                                                          ; Off                ; Off                ;
; Ignore GLOBAL Buffers                                                           ; Off                ; Off                ;
; Ignore ROW GLOBAL Buffers                                                       ; Off                ; Off                ;
; Ignore LCELL Buffers                                                            ; Off                ; Off                ;
; Ignore SOFT Buffers                                                             ; On                 ; On                 ;
; Limit AHDL Integers to 32 Bits                                                  ; Off                ; Off                ;
; Optimization Technique                                                          ; Balanced           ; Balanced           ;
; Carry Chain Length                                                              ; 70                 ; 70                 ;
; Auto Carry Chains                                                               ; On                 ; On                 ;
; Auto Open-Drain Pins                                                            ; On                 ; On                 ;
; Perform WYSIWYG Primitive Resynthesis                                           ; Off                ; Off                ;
; Auto ROM Replacement                                                            ; On                 ; On                 ;
; Auto RAM Replacement                                                            ; On                 ; On                 ;
; Auto DSP Block Replacement                                                      ; On                 ; On                 ;
; Auto Shift Register Replacement                                                 ; Auto               ; Auto               ;
; Allow Shift Register Merging across Hierarchies                                 ; Auto               ; Auto               ;
; Auto Clock Enable Replacement                                                   ; On                 ; On                 ;
; Strict RAM Replacement                                                          ; Off                ; Off                ;
; Allow Synchronous Control Signals                                               ; On                 ; On                 ;
; Force Use of Synchronous Clear Signals                                          ; Off                ; Off                ;
; Auto Resource Sharing                                                           ; Off                ; Off                ;
; Allow Any RAM Size For Recognition                                              ; Off                ; Off                ;
; Allow Any ROM Size For Recognition                                              ; Off                ; Off                ;
; Allow Any Shift Register Size For Recognition                                   ; Off                ; Off                ;
; Use LogicLock Constraints during Resource Balancing                             ; On                 ; On                 ;
; Ignore translate_off and synthesis_off directives                               ; Off                ; Off                ;
; Timing-Driven Synthesis                                                         ; On                 ; On                 ;
; Report Parameter Settings                                                       ; On                 ; On                 ;
; Report Source Assignments                                                       ; On                 ; On                 ;
; Report Connectivity Checks                                                      ; On                 ; On                 ;
; Ignore Maximum Fan-Out Assignments                                              ; Off                ; Off                ;
; Synchronization Register Chain Length                                           ; 3                  ; 3                  ;
; Power Optimization During Synthesis                                             ; Normal compilation ; Normal compilation ;
; HDL message level                                                               ; Level2             ; Level2             ;
; Suppress Register Optimization Related Messages                                 ; Off                ; Off                ;
; Number of Removed Registers Reported in Synthesis Report                        ; 5000               ; 5000               ;
; Number of Swept Nodes Reported in Synthesis Report                              ; 5000               ; 5000               ;
; Number of Inverted Registers Reported in Synthesis Report                       ; 100                ; 100                ;
; Clock MUX Protection                                                            ; On                 ; On                 ;
; Auto Gated Clock Conversion                                                     ; Off                ; Off                ;
; Block Design Naming                                                             ; Auto               ; Auto               ;
; SDC constraint protection                                                       ; Off                ; Off                ;
; Synthesis Effort                                                                ; Auto               ; Auto               ;
; Shift Register Replacement - Allow Asynchronous Clear Signal                    ; On                 ; On                 ;
; Pre-Mapping Resynthesis Optimization                                            ; Off                ; Off                ;
; Analysis & Synthesis Message Level                                              ; Medium             ; Medium             ;
; Disable Register Merging Across Hierarchies                                     ; Auto               ; Auto               ;
; Resource Aware Inference For Block RAM                                          ; On                 ; On                 ;
; Automatic Parallel Synthesis                                                    ; On                 ; On                 ;
; Partial Reconfiguration Bitstream ID                                            ; Off                ; Off                ;
+---------------------------------------------------------------------------------+--------------------+--------------------+


+------------------------------------------+
; Parallel Compilation                     ;
+----------------------------+-------------+
; Processors                 ; Number      ;
+----------------------------+-------------+
; Number detected on machine ; 4           ;
; Maximum allowed            ; 4           ;
;                            ;             ;
; Average used               ; 1.00        ;
; Maximum used               ; 1           ;
;                            ;             ;
; Usage by Processor         ; % Time Used ;
;     Processor 1            ; 100.0%      ;
+----------------------------+-------------+


+---------------------------------------------------------------------------------------------------------------------------------------+
; Analysis & Synthesis Source Files Read                                                                                                ;
+----------------------------------+-----------------+------------------------+-----------------------------------------------+---------+
; File Name with User-Entered Path ; Used in Netlist ; File Type              ; File Name with Absolute Path                  ; Library ;
+----------------------------------+-----------------+------------------------+-----------------------------------------------+---------+
; ../RTL/main/Mul4bit.v            ; yes             ; User Verilog HDL File  ; D:/LAB_FPGA/SO_ML/RTL/main/Mul4bit.v          ;         ;
; ../RTL/main/adder8bit.v          ; yes             ; User Verilog HDL File  ; D:/LAB_FPGA/SO_ML/RTL/main/adder8bit.v        ;         ;
; ../RTL/main/Mul2vector.v         ; yes             ; User Verilog HDL File  ; D:/LAB_FPGA/SO_ML/RTL/main/Mul2vector.v       ;         ;
; ../RTL/main/Mul4x2_2x2Matrix.v   ; yes             ; User Verilog HDL File  ; D:/LAB_FPGA/SO_ML/RTL/main/Mul4x2_2x2Matrix.v ;         ;
+----------------------------------+-----------------+------------------------+-----------------------------------------------+---------+


+-----------------------------------------------------------+
; Analysis & Synthesis Resource Usage Summary               ;
+---------------------------------------------+-------------+
; Resource                                    ; Usage       ;
+---------------------------------------------+-------------+
; Estimate of Logic utilization (ALMs needed) ; 188         ;
;                                             ;             ;
; Combinational ALUT usage for logic          ; 376         ;
;     -- 7 input functions                    ; 0           ;
;     -- 6 input functions                    ; 0           ;
;     -- 5 input functions                    ; 0           ;
;     -- 4 input functions                    ; 104         ;
;     -- <=3 input functions                  ; 272         ;
;                                             ;             ;
; Dedicated logic registers                   ; 0           ;
;                                             ;             ;
; I/O pins                                    ; 120         ;
;                                             ;             ;
; Total DSP Blocks                            ; 0           ;
;                                             ;             ;
; Maximum fan-out node                        ; B2[0]~input ;
; Maximum fan-out                             ; 16          ;
; Total fan-out                               ; 1344        ;
; Average fan-out                             ; 2.18        ;
+---------------------------------------------+-------------+


+-----------------------------------------------------------------------------------------------------------------------------------------------------------------------------------------------------------------------------------------+
; Analysis & Synthesis Resource Utilization by Entity                                                                                                                                                                                     ;
+------------------------------+---------------------+---------------------------+-------------------+------------+------+--------------+---------------------------------------------------------------+------------------+--------------+
; Compilation Hierarchy Node   ; Combinational ALUTs ; Dedicated Logic Registers ; Block Memory Bits ; DSP Blocks ; Pins ; Virtual Pins ; Full Hierarchy Name                                           ; Entity Name      ; Library Name ;
+------------------------------+---------------------+---------------------------+-------------------+------------+------+--------------+---------------------------------------------------------------+------------------+--------------+
; |Mul4x2_2x2Matrix            ; 376 (0)             ; 0 (0)                     ; 0                 ; 0          ; 120  ; 0            ; |Mul4x2_2x2Matrix                                             ; Mul4x2_2x2Matrix ; work         ;
;    |Mul2vector:m1|           ; 47 (0)              ; 0 (0)                     ; 0                 ; 0          ; 0    ; 0            ; |Mul4x2_2x2Matrix|Mul2vector:m1                               ; Mul2vector       ; work         ;
;       |Mul4bit:m1|           ; 17 (17)             ; 0 (0)                     ; 0                 ; 0          ; 0    ; 0            ; |Mul4x2_2x2Matrix|Mul2vector:m1|Mul4bit:m1                    ; Mul4bit          ; work         ;
;       |Mul4bit:m2|           ; 17 (17)             ; 0 (0)                     ; 0                 ; 0          ; 0    ; 0            ; |Mul4x2_2x2Matrix|Mul2vector:m1|Mul4bit:m2                    ; Mul4bit          ; work         ;
;       |adder8bit:a|          ; 13 (0)              ; 0 (0)                     ; 0                 ; 0          ; 0    ; 0            ; |Mul4x2_2x2Matrix|Mul2vector:m1|adder8bit:a                   ; adder8bit        ; work         ;
;          |adder_2bit:adder1| ; 5 (5)               ; 0 (0)                     ; 0                 ; 0          ; 0    ; 0            ; |Mul4x2_2x2Matrix|Mul2vector:m1|adder8bit:a|adder_2bit:adder1 ; adder_2bit       ; work         ;
;          |adder_2bit:adder2| ; 2 (2)               ; 0 (0)                     ; 0                 ; 0          ; 0    ; 0            ; |Mul4x2_2x2Matrix|Mul2vector:m1|adder8bit:a|adder_2bit:adder2 ; adder_2bit       ; work         ;
;          |adder_2bit:adder3| ; 6 (6)               ; 0 (0)                     ; 0                 ; 0          ; 0    ; 0            ; |Mul4x2_2x2Matrix|Mul2vector:m1|adder8bit:a|adder_2bit:adder3 ; adder_2bit       ; work         ;
;    |Mul2vector:m2|           ; 47 (0)              ; 0 (0)                     ; 0                 ; 0          ; 0    ; 0            ; |Mul4x2_2x2Matrix|Mul2vector:m2                               ; Mul2vector       ; work         ;
;       |Mul4bit:m1|           ; 17 (17)             ; 0 (0)                     ; 0                 ; 0          ; 0    ; 0            ; |Mul4x2_2x2Matrix|Mul2vector:m2|Mul4bit:m1                    ; Mul4bit          ; work         ;
;       |Mul4bit:m2|           ; 17 (17)             ; 0 (0)                     ; 0                 ; 0          ; 0    ; 0            ; |Mul4x2_2x2Matrix|Mul2vector:m2|Mul4bit:m2                    ; Mul4bit          ; work         ;
;       |adder8bit:a|          ; 13 (0)              ; 0 (0)                     ; 0                 ; 0          ; 0    ; 0            ; |Mul4x2_2x2Matrix|Mul2vector:m2|adder8bit:a                   ; adder8bit        ; work         ;
;          |adder_2bit:adder1| ; 5 (5)               ; 0 (0)                     ; 0                 ; 0          ; 0    ; 0            ; |Mul4x2_2x2Matrix|Mul2vector:m2|adder8bit:a|adder_2bit:adder1 ; adder_2bit       ; work         ;
;          |adder_2bit:adder2| ; 2 (2)               ; 0 (0)                     ; 0                 ; 0          ; 0    ; 0            ; |Mul4x2_2x2Matrix|Mul2vector:m2|adder8bit:a|adder_2bit:adder2 ; adder_2bit       ; work         ;
;          |adder_2bit:adder3| ; 6 (6)               ; 0 (0)                     ; 0                 ; 0          ; 0    ; 0            ; |Mul4x2_2x2Matrix|Mul2vector:m2|adder8bit:a|adder_2bit:adder3 ; adder_2bit       ; work         ;
;    |Mul2vector:m3|           ; 47 (0)              ; 0 (0)                     ; 0                 ; 0          ; 0    ; 0            ; |Mul4x2_2x2Matrix|Mul2vector:m3                               ; Mul2vector       ; work         ;
;       |Mul4bit:m1|           ; 17 (17)             ; 0 (0)                     ; 0                 ; 0          ; 0    ; 0            ; |Mul4x2_2x2Matrix|Mul2vector:m3|Mul4bit:m1                    ; Mul4bit          ; work         ;
;       |Mul4bit:m2|           ; 17 (17)             ; 0 (0)                     ; 0                 ; 0          ; 0    ; 0            ; |Mul4x2_2x2Matrix|Mul2vector:m3|Mul4bit:m2                    ; Mul4bit          ; work         ;
;       |adder8bit:a|          ; 13 (0)              ; 0 (0)                     ; 0                 ; 0          ; 0    ; 0            ; |Mul4x2_2x2Matrix|Mul2vector:m3|adder8bit:a                   ; adder8bit        ; work         ;
;          |adder_2bit:adder1| ; 5 (5)               ; 0 (0)                     ; 0                 ; 0          ; 0    ; 0            ; |Mul4x2_2x2Matrix|Mul2vector:m3|adder8bit:a|adder_2bit:adder1 ; adder_2bit       ; work         ;
;          |adder_2bit:adder2| ; 2 (2)               ; 0 (0)                     ; 0                 ; 0          ; 0    ; 0            ; |Mul4x2_2x2Matrix|Mul2vector:m3|adder8bit:a|adder_2bit:adder2 ; adder_2bit       ; work         ;
;          |adder_2bit:adder3| ; 6 (6)               ; 0 (0)                     ; 0                 ; 0          ; 0    ; 0            ; |Mul4x2_2x2Matrix|Mul2vector:m3|adder8bit:a|adder_2bit:adder3 ; adder_2bit       ; work         ;
;    |Mul2vector:m4|           ; 47 (0)              ; 0 (0)                     ; 0                 ; 0          ; 0    ; 0            ; |Mul4x2_2x2Matrix|Mul2vector:m4                               ; Mul2vector       ; work         ;
;       |Mul4bit:m1|           ; 17 (17)             ; 0 (0)                     ; 0                 ; 0          ; 0    ; 0            ; |Mul4x2_2x2Matrix|Mul2vector:m4|Mul4bit:m1                    ; Mul4bit          ; work         ;
;       |Mul4bit:m2|           ; 17 (17)             ; 0 (0)                     ; 0                 ; 0          ; 0    ; 0            ; |Mul4x2_2x2Matrix|Mul2vector:m4|Mul4bit:m2                    ; Mul4bit          ; work         ;
;       |adder8bit:a|          ; 13 (0)              ; 0 (0)                     ; 0                 ; 0          ; 0    ; 0            ; |Mul4x2_2x2Matrix|Mul2vector:m4|adder8bit:a                   ; adder8bit        ; work         ;
;          |adder_2bit:adder1| ; 5 (5)               ; 0 (0)                     ; 0                 ; 0          ; 0    ; 0            ; |Mul4x2_2x2Matrix|Mul2vector:m4|adder8bit:a|adder_2bit:adder1 ; adder_2bit       ; work         ;
;          |adder_2bit:adder2| ; 2 (2)               ; 0 (0)                     ; 0                 ; 0          ; 0    ; 0            ; |Mul4x2_2x2Matrix|Mul2vector:m4|adder8bit:a|adder_2bit:adder2 ; adder_2bit       ; work         ;
;          |adder_2bit:adder3| ; 6 (6)               ; 0 (0)                     ; 0                 ; 0          ; 0    ; 0            ; |Mul4x2_2x2Matrix|Mul2vector:m4|adder8bit:a|adder_2bit:adder3 ; adder_2bit       ; work         ;
;    |Mul2vector:m5|           ; 47 (0)              ; 0 (0)                     ; 0                 ; 0          ; 0    ; 0            ; |Mul4x2_2x2Matrix|Mul2vector:m5                               ; Mul2vector       ; work         ;
;       |Mul4bit:m1|           ; 17 (17)             ; 0 (0)                     ; 0                 ; 0          ; 0    ; 0            ; |Mul4x2_2x2Matrix|Mul2vector:m5|Mul4bit:m1                    ; Mul4bit          ; work         ;
;       |Mul4bit:m2|           ; 17 (17)             ; 0 (0)                     ; 0                 ; 0          ; 0    ; 0            ; |Mul4x2_2x2Matrix|Mul2vector:m5|Mul4bit:m2                    ; Mul4bit          ; work         ;
;       |adder8bit:a|          ; 13 (0)              ; 0 (0)                     ; 0                 ; 0          ; 0    ; 0            ; |Mul4x2_2x2Matrix|Mul2vector:m5|adder8bit:a                   ; adder8bit        ; work         ;
;          |adder_2bit:adder1| ; 5 (5)               ; 0 (0)                     ; 0                 ; 0          ; 0    ; 0            ; |Mul4x2_2x2Matrix|Mul2vector:m5|adder8bit:a|adder_2bit:adder1 ; adder_2bit       ; work         ;
;          |adder_2bit:adder2| ; 2 (2)               ; 0 (0)                     ; 0                 ; 0          ; 0    ; 0            ; |Mul4x2_2x2Matrix|Mul2vector:m5|adder8bit:a|adder_2bit:adder2 ; adder_2bit       ; work         ;
;          |adder_2bit:adder3| ; 6 (6)               ; 0 (0)                     ; 0                 ; 0          ; 0    ; 0            ; |Mul4x2_2x2Matrix|Mul2vector:m5|adder8bit:a|adder_2bit:adder3 ; adder_2bit       ; work         ;
;    |Mul2vector:m6|           ; 47 (0)              ; 0 (0)                     ; 0                 ; 0          ; 0    ; 0            ; |Mul4x2_2x2Matrix|Mul2vector:m6                               ; Mul2vector       ; work         ;
;       |Mul4bit:m1|           ; 17 (17)             ; 0 (0)                     ; 0                 ; 0          ; 0    ; 0            ; |Mul4x2_2x2Matrix|Mul2vector:m6|Mul4bit:m1                    ; Mul4bit          ; work         ;
;       |Mul4bit:m2|           ; 17 (17)             ; 0 (0)                     ; 0                 ; 0          ; 0    ; 0            ; |Mul4x2_2x2Matrix|Mul2vector:m6|Mul4bit:m2                    ; Mul4bit          ; work         ;
;       |adder8bit:a|          ; 13 (0)              ; 0 (0)                     ; 0                 ; 0          ; 0    ; 0            ; |Mul4x2_2x2Matrix|Mul2vector:m6|adder8bit:a                   ; adder8bit        ; work         ;
;          |adder_2bit:adder1| ; 5 (5)               ; 0 (0)                     ; 0                 ; 0          ; 0    ; 0            ; |Mul4x2_2x2Matrix|Mul2vector:m6|adder8bit:a|adder_2bit:adder1 ; adder_2bit       ; work         ;
;          |adder_2bit:adder2| ; 2 (2)               ; 0 (0)                     ; 0                 ; 0          ; 0    ; 0            ; |Mul4x2_2x2Matrix|Mul2vector:m6|adder8bit:a|adder_2bit:adder2 ; adder_2bit       ; work         ;
;          |adder_2bit:adder3| ; 6 (6)               ; 0 (0)                     ; 0                 ; 0          ; 0    ; 0            ; |Mul4x2_2x2Matrix|Mul2vector:m6|adder8bit:a|adder_2bit:adder3 ; adder_2bit       ; work         ;
;    |Mul2vector:m7|           ; 47 (0)              ; 0 (0)                     ; 0                 ; 0          ; 0    ; 0            ; |Mul4x2_2x2Matrix|Mul2vector:m7                               ; Mul2vector       ; work         ;
;       |Mul4bit:m1|           ; 17 (17)             ; 0 (0)                     ; 0                 ; 0          ; 0    ; 0            ; |Mul4x2_2x2Matrix|Mul2vector:m7|Mul4bit:m1                    ; Mul4bit          ; work         ;
;       |Mul4bit:m2|           ; 17 (17)             ; 0 (0)                     ; 0                 ; 0          ; 0    ; 0            ; |Mul4x2_2x2Matrix|Mul2vector:m7|Mul4bit:m2                    ; Mul4bit          ; work         ;
;       |adder8bit:a|          ; 13 (0)              ; 0 (0)                     ; 0                 ; 0          ; 0    ; 0            ; |Mul4x2_2x2Matrix|Mul2vector:m7|adder8bit:a                   ; adder8bit        ; work         ;
;          |adder_2bit:adder1| ; 5 (5)               ; 0 (0)                     ; 0                 ; 0          ; 0    ; 0            ; |Mul4x2_2x2Matrix|Mul2vector:m7|adder8bit:a|adder_2bit:adder1 ; adder_2bit       ; work         ;
;          |adder_2bit:adder2| ; 2 (2)               ; 0 (0)                     ; 0                 ; 0          ; 0    ; 0            ; |Mul4x2_2x2Matrix|Mul2vector:m7|adder8bit:a|adder_2bit:adder2 ; adder_2bit       ; work         ;
;          |adder_2bit:adder3| ; 6 (6)               ; 0 (0)                     ; 0                 ; 0          ; 0    ; 0            ; |Mul4x2_2x2Matrix|Mul2vector:m7|adder8bit:a|adder_2bit:adder3 ; adder_2bit       ; work         ;
;    |Mul2vector:m8|           ; 47 (0)              ; 0 (0)                     ; 0                 ; 0          ; 0    ; 0            ; |Mul4x2_2x2Matrix|Mul2vector:m8                               ; Mul2vector       ; work         ;
;       |Mul4bit:m1|           ; 17 (17)             ; 0 (0)                     ; 0                 ; 0          ; 0    ; 0            ; |Mul4x2_2x2Matrix|Mul2vector:m8|Mul4bit:m1                    ; Mul4bit          ; work         ;
;       |Mul4bit:m2|           ; 17 (17)             ; 0 (0)                     ; 0                 ; 0          ; 0    ; 0            ; |Mul4x2_2x2Matrix|Mul2vector:m8|Mul4bit:m2                    ; Mul4bit          ; work         ;
;       |adder8bit:a|          ; 13 (0)              ; 0 (0)                     ; 0                 ; 0          ; 0    ; 0            ; |Mul4x2_2x2Matrix|Mul2vector:m8|adder8bit:a                   ; adder8bit        ; work         ;
;          |adder_2bit:adder1| ; 5 (5)               ; 0 (0)                     ; 0                 ; 0          ; 0    ; 0            ; |Mul4x2_2x2Matrix|Mul2vector:m8|adder8bit:a|adder_2bit:adder1 ; adder_2bit       ; work         ;
;          |adder_2bit:adder2| ; 2 (2)               ; 0 (0)                     ; 0                 ; 0          ; 0    ; 0            ; |Mul4x2_2x2Matrix|Mul2vector:m8|adder8bit:a|adder_2bit:adder2 ; adder_2bit       ; work         ;
;          |adder_2bit:adder3| ; 6 (6)               ; 0 (0)                     ; 0                 ; 0          ; 0    ; 0            ; |Mul4x2_2x2Matrix|Mul2vector:m8|adder8bit:a|adder_2bit:adder3 ; adder_2bit       ; work         ;
+------------------------------+---------------------+---------------------------+-------------------+------------+------+--------------+---------------------------------------------------------------+------------------+--------------+
Note: For table entries with two numbers listed, the numbers in parentheses indicate the number of resources of the given type used by the specific entity alone. The numbers listed outside of parentheses indicate the total resources of the given type used by the specific entity and all of its sub-entities in the hierarchy.


+------------------------------------------------------+
; General Register Statistics                          ;
+----------------------------------------------+-------+
; Statistic                                    ; Value ;
+----------------------------------------------+-------+
; Total registers                              ; 0     ;
; Number of registers using Synchronous Clear  ; 0     ;
; Number of registers using Synchronous Load   ; 0     ;
; Number of registers using Asynchronous Clear ; 0     ;
; Number of registers using Asynchronous Load  ; 0     ;
; Number of registers using Clock Enable       ; 0     ;
; Number of registers using Preset             ; 0     ;
+----------------------------------------------+-------+


+-------------------------------------------------------+
; Port Connectivity Checks: "Mul2vector:m1|adder8bit:a" ;
+------+-------+----------+-----------------------------+
; Port ; Type  ; Severity ; Details                     ;
+------+-------+----------+-----------------------------+
; Cin  ; Input ; Info     ; Stuck at GND                ;
+------+-------+----------+-----------------------------+


+-----------------------------------------------------+
; Post-Synthesis Netlist Statistics for Top Partition ;
+-----------------------+-----------------------------+
; Type                  ; Count                       ;
+-----------------------+-----------------------------+
; arriav_lcell_comb     ; 376                         ;
;     arith             ; 360                         ;
;         0 data inputs ; 40                          ;
;         1 data inputs ; 40                          ;
;         2 data inputs ; 176                         ;
;         3 data inputs ; 16                          ;
;         4 data inputs ; 88                          ;
;     normal            ; 16                          ;
;         4 data inputs ; 16                          ;
; boundary_port         ; 120                         ;
;                       ;                             ;
; Max LUT depth         ; 5.70                        ;
; Average LUT depth     ; 4.35                        ;
+-----------------------+-----------------------------+


+-------------------------------+
; Elapsed Time Per Partition    ;
+----------------+--------------+
; Partition Name ; Elapsed Time ;
+----------------+--------------+
; Top            ; 00:00:00     ;
+----------------+--------------+


+-------------------------------+
; Analysis & Synthesis Messages ;
+-------------------------------+
Info: *******************************************************************
Info: Running Quartus Prime Analysis & Synthesis
    Info: Version 17.1.0 Build 590 10/25/2017 SJ Lite Edition
    Info: Processing started: Tue Apr 02 08:46:09 2024
Info: Command: quartus_map --read_settings_files=on --write_settings_files=off project -c project
Warning (18236): Number of processors has not been specified which may cause overloading on shared machines.  Set the global assignment NUM_PARALLEL_PROCESSORS in your QSF to an appropriate value for best performance.
Info (20030): Parallel compilation is enabled and will use 4 of the 4 processors detected
Info (12021): Found 1 design units, including 1 entities, in source file /lab_fpga/so_ml/rtl/main/tb_mul4bit.sv
    Info (12023): Found entity 1: TB_Mul File: D:/LAB_FPGA/SO_ML/RTL/main/tb_mul4bit.sv Line: 2
Info (12021): Found 1 design units, including 1 entities, in source file /lab_fpga/so_ml/rtl/main/mul4bit.v
    Info (12023): Found entity 1: Mul4bit File: D:/LAB_FPGA/SO_ML/RTL/main/Mul4bit.v Line: 3
Info (12021): Found 1 design units, including 1 entities, in source file /lab_fpga/so_ml/rtl/main/tb_rom.sv
    Info (12023): Found entity 1: tb_rom File: D:/LAB_FPGA/SO_ML/RTL/main/tb_rom.sv Line: 2
Info (12021): Found 1 design units, including 1 entities, in source file /lab_fpga/so_ml/rtl/main/tb_adder8bit.v
    Info (12023): Found entity 1: tb_adder8bit File: D:/LAB_FPGA/SO_ML/RTL/main/tb_adder8bit.v Line: 1
Info (12021): Found 1 design units, including 1 entities, in source file /lab_fpga/so_ml/rtl/main/rom.v
    Info (12023): Found entity 1: rom File: D:/LAB_FPGA/SO_ML/RTL/main/rom.v Line: 1
Info (12021): Found 2 design units, including 2 entities, in source file /lab_fpga/so_ml/rtl/main/adder8bit.v
    Info (12023): Found entity 1: adder_2bit File: D:/LAB_FPGA/SO_ML/RTL/main/adder8bit.v Line: 1
    Info (12023): Found entity 2: adder8bit File: D:/LAB_FPGA/SO_ML/RTL/main/adder8bit.v Line: 13
Info (12021): Found 1 design units, including 1 entities, in source file /lab_fpga/so_ml/rtl/main/mul2vector.v
    Info (12023): Found entity 1: Mul2vector File: D:/LAB_FPGA/SO_ML/RTL/main/Mul2vector.v Line: 1
Info (12021): Found 1 design units, including 1 entities, in source file /lab_fpga/so_ml/rtl/main/tb_mul2vector.v
    Info (12023): Found entity 1: tb_mul2vector File: D:/LAB_FPGA/SO_ML/RTL/main/tb_mul2vector.v Line: 1
Info (12021): Found 1 design units, including 1 entities, in source file /lab_fpga/so_ml/rtl/main/mul2vector4x1.v
    Info (12023): Found entity 1: Mul2vector4x1 File: D:/LAB_FPGA/SO_ML/RTL/main/Mul2vector4x1.v Line: 1
Info (12021): Found 1 design units, including 1 entities, in source file /lab_fpga/so_ml/rtl/main/mul4x4_4x2matrix.v
    Info (12023): Found entity 1: Mul4x4_4x2matrix File: D:/LAB_FPGA/SO_ML/RTL/main/Mul4x4_4x2matrix.v Line: 1
Info (12021): Found 1 design units, including 1 entities, in source file /lab_fpga/so_ml/rtl/main/tb_mul4x4_4x2matrix.sv
    Info (12023): Found entity 1: TB_Mul4x4_4x2matrix File: D:/LAB_FPGA/SO_ML/RTL/main/TB_Mul4x4_4x2matrix.sv Line: 1
Info (12021): Found 1 design units, including 1 entities, in source file /lab_fpga/so_ml/rtl/main/mul4x2_2x2matrix.v
    Info (12023): Found entity 1: Mul4x2_2x2Matrix File: D:/LAB_FPGA/SO_ML/RTL/main/Mul4x2_2x2Matrix.v Line: 1
Info (12021): Found 1 design units, including 1 entities, in source file /lab_fpga/so_ml/rtl/main/tb_mul4x2_2x2matrix.sv
    Info (12023): Found entity 1: TB_Mul4x2_2x2Matrix File: D:/LAB_FPGA/SO_ML/RTL/main/TB_Mul4x2_2x2Matrix.sv Line: 1
Info (12127): Elaborating entity "Mul4x2_2x2Matrix" for the top level hierarchy
Info (12128): Elaborating entity "Mul2vector" for hierarchy "Mul2vector:m1" File: D:/LAB_FPGA/SO_ML/RTL/main/Mul4x2_2x2Matrix.v Line: 7
Info (12128): Elaborating entity "Mul4bit" for hierarchy "Mul2vector:m1|Mul4bit:m1" File: D:/LAB_FPGA/SO_ML/RTL/main/Mul2vector.v Line: 12
Info (12128): Elaborating entity "adder8bit" for hierarchy "Mul2vector:m1|adder8bit:a" File: D:/LAB_FPGA/SO_ML/RTL/main/Mul2vector.v Line: 19
Info (12128): Elaborating entity "adder_2bit" for hierarchy "Mul2vector:m1|adder8bit:a|adder_2bit:adder1" File: D:/LAB_FPGA/SO_ML/RTL/main/adder8bit.v Line: 25
Info (286030): Timing-Driven Synthesis is running
Info (16010): Generating hard_block partition "hard_block:auto_generated_inst"
    Info (16011): Adding 0 node(s), including 0 DDIO, 0 PLL, 0 transceiver and 0 LCELL
Info (21057): Implemented 496 device resources after synthesis - the final resource count might be different
    Info (21058): Implemented 48 input pins
    Info (21059): Implemented 72 output pins
    Info (21061): Implemented 376 logic cells
Info: Quartus Prime Analysis & Synthesis was successful. 0 errors, 1 warning
    Info: Peak virtual memory: 4820 megabytes
    Info: Processing ended: Tue Apr 02 08:46:22 2024
    Info: Elapsed time: 00:00:13
    Info: Total CPU time (on all processors): 00:00:27


